<?xml version="1.0" encoding="utf-8"?>
<outputLog>
  <ApplicationId>76b4fe25-eb0c-454c-9b93-add093b8319e</ApplicationId>
  <FileLogs>
    <FileLog>
      <ProjectId>47073122-36f9-40f6-8242-dc7ce615c5d8</ProjectId>
      <CorrelationId>Intent.VisualStudio.Projects.CoreWeb.AppSettings-Default#47073122-36f9-40f6-8242-dc7ce615c5d8</CorrelationId>
      <OverwriteBehaviour>always</OverwriteBehaviour>
      <ApplicationRelativeFilePath>../../BRUNO-API/BRUNO-API.Api/appsettings.json</ApplicationRelativeFilePath>
      <ProjectRelativeFilePath>appsettings.json</ProjectRelativeFilePath>
      <IsIgnored>false</IsIgnored>
    </FileLog>
    <FileLog>
      <ProjectId>47073122-36f9-40f6-8242-dc7ce615c5d8</ProjectId>
      <CorrelationId>Intent.VisualStudio.Projects.CSharpProject#47073122-36f9-40f6-8242-dc7ce615c5d8</CorrelationId>
      <OverwriteBehaviour>always</OverwriteBehaviour>
      <ApplicationRelativeFilePath>../../BRUNO-API/BRUNO-API.Api/BRUNO-API.Api.csproj</ApplicationRelativeFilePath>
      <ProjectRelativeFilePath>BRUNO-API.Api.csproj</ProjectRelativeFilePath>
      <IsIgnored>false</IsIgnored>
    </FileLog>
    <FileLog>
      <ProjectId>4bfec34c-8730-4d96-896e-62d091b8d6b1</ProjectId>
      <CorrelationId>Intent.AspNetCore.Versioning.ApiVersioningConfiguration</CorrelationId>
      <OverwriteBehaviour>always</OverwriteBehaviour>
      <ApplicationRelativeFilePath>../../BRUNO-API/BRUNO-API.Api/Configuration/ApiVersioningConfiguration.cs</ApplicationRelativeFilePath>
      <ProjectRelativeFilePath>ApiVersioningConfiguration.cs</ProjectRelativeFilePath>
      <IsIgnored>false</IsIgnored>
    </FileLog>
    <FileLog>
      <ProjectId>4bfec34c-8730-4d96-896e-62d091b8d6b1</ProjectId>
      <CorrelationId>Intent.AspNetCore.Versioning.ApiVersionSwaggerGenOptions</CorrelationId>
      <OverwriteBehaviour>always</OverwriteBehaviour>
      <ApplicationRelativeFilePath>../../BRUNO-API/BRUNO-API.Api/Configuration/ApiVersionSwaggerGenOptions.cs</ApplicationRelativeFilePath>
      <ProjectRelativeFilePath>ApiVersionSwaggerGenOptions.cs</ProjectRelativeFilePath>
      <IsIgnored>false</IsIgnored>
    </FileLog>
    <FileLog>
      <ProjectId>4bfec34c-8730-4d96-896e-62d091b8d6b1</ProjectId>
      <CorrelationId>Intent.Application.Identity.ApplicationSecurityConfiguration</CorrelationId>
      <OverwriteBehaviour>always</OverwriteBehaviour>
      <ApplicationRelativeFilePath>../../BRUNO-API/BRUNO-API.Api/Configuration/ApplicationSecurityConfiguration.cs</ApplicationRelativeFilePath>
      <ProjectRelativeFilePath>ApplicationSecurityConfiguration.cs</ProjectRelativeFilePath>
      <IsIgnored>false</IsIgnored>
    </FileLog>
    <FileLog>
      <ProjectId>4bfec34c-8730-4d96-896e-62d091b8d6b1</ProjectId>
      <CorrelationId>Intent.AspNetCore.HealthChecks.HealthChecksConfiguration</CorrelationId>
      <OverwriteBehaviour>always</OverwriteBehaviour>
      <ApplicationRelativeFilePath>../../BRUNO-API/BRUNO-API.Api/Configuration/HealthChecksConfiguration.cs</ApplicationRelativeFilePath>
      <ProjectRelativeFilePath>HealthChecksConfiguration.cs</ProjectRelativeFilePath>
      <IsIgnored>false</IsIgnored>
    </FileLog>
    <FileLog>
      <ProjectId>4bfec34c-8730-4d96-896e-62d091b8d6b1</ProjectId>
      <CorrelationId>Intent.AspNetCore.ProblemDetailsConfiguration</CorrelationId>
      <OverwriteBehaviour>always</OverwriteBehaviour>
      <ApplicationRelativeFilePath>../../BRUNO-API/BRUNO-API.Api/Configuration/ProblemDetailsConfiguration.cs</ApplicationRelativeFilePath>
      <ProjectRelativeFilePath>ProblemDetailsConfiguration.cs</ProjectRelativeFilePath>
      <IsIgnored>false</IsIgnored>
    </FileLog>
    <FileLog>
      <ProjectId>4bfec34c-8730-4d96-896e-62d091b8d6b1</ProjectId>
      <CorrelationId>Intent.AspNetCore.Swashbuckle.SwashbuckleConfiguration</CorrelationId>
      <OverwriteBehaviour>always</OverwriteBehaviour>
      <ApplicationRelativeFilePath>../../BRUNO-API/BRUNO-API.Api/Configuration/SwashbuckleConfiguration.cs</ApplicationRelativeFilePath>
      <ProjectRelativeFilePath>SwashbuckleConfiguration.cs</ProjectRelativeFilePath>
      <IsIgnored>false</IsIgnored>
    </FileLog>
    <FileLog>
      <ProjectId>e786c44e-593c-4be4-8ea8-22870de803d5</ProjectId>
      <CorrelationId>Intent.AspNetCore.Controllers.Controller#12696c39-2fa2-4d73-9c64-cb7310e4492d</CorrelationId>
      <OverwriteBehaviour>always</OverwriteBehaviour>
      <ApplicationRelativeFilePath>../../BRUNO-API/BRUNO-API.Api/Controllers/CarsController.cs</ApplicationRelativeFilePath>
      <ProjectRelativeFilePath>CarsController.cs</ProjectRelativeFilePath>
      <IsIgnored>false</IsIgnored>
    </FileLog>
    <FileLog>
      <ProjectId>e786c44e-593c-4be4-8ea8-22870de803d5</ProjectId>
      <CorrelationId>Intent.AspNetCore.Controllers.Controller#79594092-9d1e-4612-a23a-72bd8f661e0b</CorrelationId>
      <OverwriteBehaviour>always</OverwriteBehaviour>
      <ApplicationRelativeFilePath>../../BRUNO-API/BRUNO-API.Api/Controllers/ClientsController.cs</ApplicationRelativeFilePath>
      <ProjectRelativeFilePath>ClientsController.cs</ProjectRelativeFilePath>
      <IsIgnored>false</IsIgnored>
    </FileLog>
    <FileLog>
      <ProjectId>e786c44e-593c-4be4-8ea8-22870de803d5</ProjectId>
      <CorrelationId>Intent.AspNetCore.Controllers.Controller#22b1b0e6-17f2-4ac4-b1e3-c0997f070dd2</CorrelationId>
      <OverwriteBehaviour>always</OverwriteBehaviour>
      <ApplicationRelativeFilePath>../../BRUNO-API/BRUNO-API.Api/Controllers/RentalsController.cs</ApplicationRelativeFilePath>
      <ProjectRelativeFilePath>RentalsController.cs</ProjectRelativeFilePath>
      <IsIgnored>false</IsIgnored>
    </FileLog>
    <FileLog>
      <ProjectId>9189df1d-9885-4d63-8459-d5d686c78038</ProjectId>
      <CorrelationId>Intent.AspNetCore.Controllers.JsonResponse</CorrelationId>
      <OverwriteBehaviour>always</OverwriteBehaviour>
      <ApplicationRelativeFilePath>../../BRUNO-API/BRUNO-API.Api/Controllers/ResponseTypes/JsonResponse.cs</ApplicationRelativeFilePath>
      <ProjectRelativeFilePath>JsonResponse.cs</ProjectRelativeFilePath>
      <IsIgnored>false</IsIgnored>
    </FileLog>
    <FileLog>
      <ProjectId>e786c44e-593c-4be4-8ea8-22870de803d5</ProjectId>
      <CorrelationId>Intent.AspNetCore.Controllers.Controller#44e5634d-a667-44fd-a915-c0b48a571587</CorrelationId>
      <OverwriteBehaviour>always</OverwriteBehaviour>
      <ApplicationRelativeFilePath>../../BRUNO-API/BRUNO-API.Api/Controllers/ServiceHistoriesController.cs</ApplicationRelativeFilePath>
      <ProjectRelativeFilePath>ServiceHistoriesController.cs</ProjectRelativeFilePath>
      <IsIgnored>false</IsIgnored>
    </FileLog>
    <FileLog>
      <ProjectId>9b32683d-bdd4-4d3a-b1a4-92f9b5186e6d</ProjectId>
      <CorrelationId>Intent.AspNetCore.Swashbuckle.Security.AuthorizeCheckOperationFilter</CorrelationId>
      <OverwriteBehaviour>always</OverwriteBehaviour>
      <ApplicationRelativeFilePath>../../BRUNO-API/BRUNO-API.Api/Filters/AuthorizeCheckOperationFilter.cs</ApplicationRelativeFilePath>
      <ProjectRelativeFilePath>AuthorizeCheckOperationFilter.cs</ProjectRelativeFilePath>
      <IsIgnored>false</IsIgnored>
    </FileLog>
    <FileLog>
      <ProjectId>9b32683d-bdd4-4d3a-b1a4-92f9b5186e6d</ProjectId>
      <CorrelationId>Intent.AspNetCore.Controllers.ExceptionFilter</CorrelationId>
      <OverwriteBehaviour>always</OverwriteBehaviour>
      <ApplicationRelativeFilePath>../../BRUNO-API/BRUNO-API.Api/Filters/ExceptionFilter.cs</ApplicationRelativeFilePath>
      <ProjectRelativeFilePath>ExceptionFilter.cs</ProjectRelativeFilePath>
      <IsIgnored>false</IsIgnored>
    </FileLog>
    <FileLog>
      <ProjectId>47073122-36f9-40f6-8242-dc7ce615c5d8</ProjectId>
      <CorrelationId>Intent.AspNetCore.Program</CorrelationId>
      <OverwriteBehaviour>always</OverwriteBehaviour>
      <ApplicationRelativeFilePath>../../BRUNO-API/BRUNO-API.Api/Program.cs</ApplicationRelativeFilePath>
      <ProjectRelativeFilePath>Program.cs</ProjectRelativeFilePath>
      <IsIgnored>false</IsIgnored>
    </FileLog>
    <FileLog>
      <ProjectId>47073122-36f9-40f6-8242-dc7ce615c5d8</ProjectId>
      <CorrelationId>Intent.VisualStudio.Projects.CoreWeb.LaunchSettings#47073122-36f9-40f6-8242-dc7ce615c5d8</CorrelationId>
      <OverwriteBehaviour>always</OverwriteBehaviour>
      <ApplicationRelativeFilePath>../../BRUNO-API/BRUNO-API.Api/Properties/launchSettings.json</ApplicationRelativeFilePath>
      <ProjectRelativeFilePath>Properties/launchSettings.json</ProjectRelativeFilePath>
      <IsIgnored>false</IsIgnored>
    </FileLog>
    <FileLog>
      <ProjectId>b6d2d016-a95e-437b-809f-be920c10d7aa</ProjectId>
      <CorrelationId>Intent.Application.Identity.CurrentUserService</CorrelationId>
      <OverwriteBehaviour>always</OverwriteBehaviour>
      <ApplicationRelativeFilePath>../../BRUNO-API/BRUNO-API.Api/Services/CurrentUserService.cs</ApplicationRelativeFilePath>
      <ProjectRelativeFilePath>CurrentUserService.cs</ProjectRelativeFilePath>
      <IsIgnored>false</IsIgnored>
    </FileLog>
    <FileLog>
      <ProjectId>47073122-36f9-40f6-8242-dc7ce615c5d8</ProjectId>
      <CorrelationId>Intent.AspNetCore.Startup</CorrelationId>
      <OverwriteBehaviour>always</OverwriteBehaviour>
      <ApplicationRelativeFilePath>../../BRUNO-API/BRUNO-API.Api/Startup.cs</ApplicationRelativeFilePath>
      <ProjectRelativeFilePath>Startup.cs</ProjectRelativeFilePath>
      <IsIgnored>false</IsIgnored>
    </FileLog>
    <FileLog>
      <ProjectId>d045a8e2-4210-470e-bb92-c988df53c22c</ProjectId>
      <CorrelationId>Intent.VisualStudio.Projects.CSharpProject#d045a8e2-4210-470e-bb92-c988df53c22c</CorrelationId>
      <OverwriteBehaviour>always</OverwriteBehaviour>
      <ApplicationRelativeFilePath>../../BRUNO-API/BRUNO-API.Application/BRUNO-API.Application.csproj</ApplicationRelativeFilePath>
      <ProjectRelativeFilePath>BRUNO-API.Application.csproj</ProjectRelativeFilePath>
      <IsIgnored>false</IsIgnored>
    </FileLog>
    <FileLog>
      <ProjectId>d045a8e2-4210-470e-bb92-c988df53c22c</ProjectId>
      <CorrelationId>Intent.Application.Dtos.DtoModel#2c80060a-225a-4460-a65d-2ddc1c334f63</CorrelationId>
      <OverwriteBehaviour>always</OverwriteBehaviour>
      <ApplicationRelativeFilePath>../../BRUNO-API/BRUNO-API.Application/Cars/CarDto.cs</ApplicationRelativeFilePath>
      <ProjectRelativeFilePath>Cars/CarDto.cs</ProjectRelativeFilePath>
      <IsIgnored>false</IsIgnored>
    </FileLog>
    <FileLog>
      <ProjectId>d045a8e2-4210-470e-bb92-c988df53c22c</ProjectId>
      <CorrelationId>Intent.Application.Dtos.AutoMapper.MappingExtensions#2c80060a-225a-4460-a65d-2ddc1c334f63</CorrelationId>
      <OverwriteBehaviour>always</OverwriteBehaviour>
      <ApplicationRelativeFilePath>../../BRUNO-API/BRUNO-API.Application/Cars/CarDtoMappingExtensions.cs</ApplicationRelativeFilePath>
      <ProjectRelativeFilePath>Cars/CarDtoMappingExtensions.cs</ProjectRelativeFilePath>
      <IsIgnored>false</IsIgnored>
    </FileLog>
    <FileLog>
      <ProjectId>d045a8e2-4210-470e-bb92-c988df53c22c</ProjectId>
      <CorrelationId>Intent.Application.MediatR.CommandModels#8c3272db-0b51-4019-a95a-da351f165627</CorrelationId>
      <OverwriteBehaviour>always</OverwriteBehaviour>
      <ApplicationRelativeFilePath>../../BRUNO-API/BRUNO-API.Application/Cars/CarService/CarServiceCommand.cs</ApplicationRelativeFilePath>
      <ProjectRelativeFilePath>Cars/CarService/CarServiceCommand.cs</ProjectRelativeFilePath>
      <IsIgnored>false</IsIgnored>
    </FileLog>
    <FileLog>
      <ProjectId>d045a8e2-4210-470e-bb92-c988df53c22c</ProjectId>
      <CorrelationId>Intent.Application.MediatR.CommandHandler#8c3272db-0b51-4019-a95a-da351f165627</CorrelationId>
      <OverwriteBehaviour>always</OverwriteBehaviour>
      <ApplicationRelativeFilePath>../../BRUNO-API/BRUNO-API.Application/Cars/CarService/CarServiceCommandHandler.cs</ApplicationRelativeFilePath>
      <ProjectRelativeFilePath>Cars/CarService/CarServiceCommandHandler.cs</ProjectRelativeFilePath>
      <IsIgnored>false</IsIgnored>
    </FileLog>
    <FileLog>
      <ProjectId>d045a8e2-4210-470e-bb92-c988df53c22c</ProjectId>
      <CorrelationId>Intent.Application.MediatR.FluentValidation.CommandValidator#8c3272db-0b51-4019-a95a-da351f165627</CorrelationId>
      <OverwriteBehaviour>always</OverwriteBehaviour>
      <ApplicationRelativeFilePath>../../BRUNO-API/BRUNO-API.Application/Cars/CarService/CarServiceCommandValidator.cs</ApplicationRelativeFilePath>
      <ProjectRelativeFilePath>Cars/CarService/CarServiceCommandValidator.cs</ProjectRelativeFilePath>
      <IsIgnored>false</IsIgnored>
    </FileLog>
    <FileLog>
      <ProjectId>d045a8e2-4210-470e-bb92-c988df53c22c</ProjectId>
      <CorrelationId>Intent.Application.Dtos.DtoModel#a2a9ca4a-0bb8-4f76-8870-fecd053ffa51</CorrelationId>
      <OverwriteBehaviour>always</OverwriteBehaviour>
      <ApplicationRelativeFilePath>../../BRUNO-API/BRUNO-API.Application/Cars/CheckServiceDto.cs</ApplicationRelativeFilePath>
      <ProjectRelativeFilePath>Cars/CheckServiceDto.cs</ProjectRelativeFilePath>
      <IsIgnored>false</IsIgnored>
    </FileLog>
    <FileLog>
      <ProjectId>d045a8e2-4210-470e-bb92-c988df53c22c</ProjectId>
      <CorrelationId>Intent.Application.Dtos.AutoMapper.MappingExtensions#a2a9ca4a-0bb8-4f76-8870-fecd053ffa51</CorrelationId>
      <OverwriteBehaviour>always</OverwriteBehaviour>
      <ApplicationRelativeFilePath>../../BRUNO-API/BRUNO-API.Application/Cars/CheckServiceDtoMappingExtensions.cs</ApplicationRelativeFilePath>
      <ProjectRelativeFilePath>Cars/CheckServiceDtoMappingExtensions.cs</ProjectRelativeFilePath>
      <IsIgnored>false</IsIgnored>
    </FileLog>
    <FileLog>
      <ProjectId>d045a8e2-4210-470e-bb92-c988df53c22c</ProjectId>
      <CorrelationId>Intent.Application.MediatR.CommandModels#f94c4b1c-52f6-4b64-a75d-0308f286f358</CorrelationId>
      <OverwriteBehaviour>always</OverwriteBehaviour>
      <ApplicationRelativeFilePath>../../BRUNO-API/BRUNO-API.Application/Cars/CreateCar/CreateCarCommand.cs</ApplicationRelativeFilePath>
      <ProjectRelativeFilePath>Cars/CreateCar/CreateCarCommand.cs</ProjectRelativeFilePath>
      <IsIgnored>false</IsIgnored>
    </FileLog>
    <FileLog>
      <ProjectId>d045a8e2-4210-470e-bb92-c988df53c22c</ProjectId>
      <CorrelationId>Intent.Application.MediatR.CommandHandler#f94c4b1c-52f6-4b64-a75d-0308f286f358</CorrelationId>
      <OverwriteBehaviour>always</OverwriteBehaviour>
      <ApplicationRelativeFilePath>../../BRUNO-API/BRUNO-API.Application/Cars/CreateCar/CreateCarCommandHandler.cs</ApplicationRelativeFilePath>
      <ProjectRelativeFilePath>Cars/CreateCar/CreateCarCommandHandler.cs</ProjectRelativeFilePath>
      <IsIgnored>false</IsIgnored>
    </FileLog>
    <FileLog>
      <ProjectId>d045a8e2-4210-470e-bb92-c988df53c22c</ProjectId>
      <CorrelationId>Intent.Application.MediatR.FluentValidation.CommandValidator#f94c4b1c-52f6-4b64-a75d-0308f286f358</CorrelationId>
      <OverwriteBehaviour>always</OverwriteBehaviour>
      <ApplicationRelativeFilePath>../../BRUNO-API/BRUNO-API.Application/Cars/CreateCar/CreateCarCommandValidator.cs</ApplicationRelativeFilePath>
      <ProjectRelativeFilePath>Cars/CreateCar/CreateCarCommandValidator.cs</ProjectRelativeFilePath>
      <IsIgnored>false</IsIgnored>
    </FileLog>
    <FileLog>
      <ProjectId>d045a8e2-4210-470e-bb92-c988df53c22c</ProjectId>
      <CorrelationId>Intent.Application.MediatR.CommandModels#c7c90a89-5926-4472-a2b9-c48ce3a5196c</CorrelationId>
      <OverwriteBehaviour>always</OverwriteBehaviour>
      <ApplicationRelativeFilePath>../../BRUNO-API/BRUNO-API.Application/Cars/DeleteCar/DeleteCarCommand.cs</ApplicationRelativeFilePath>
      <ProjectRelativeFilePath>Cars/DeleteCar/DeleteCarCommand.cs</ProjectRelativeFilePath>
      <IsIgnored>false</IsIgnored>
    </FileLog>
    <FileLog>
      <ProjectId>d045a8e2-4210-470e-bb92-c988df53c22c</ProjectId>
      <CorrelationId>Intent.Application.MediatR.CommandHandler#c7c90a89-5926-4472-a2b9-c48ce3a5196c</CorrelationId>
      <OverwriteBehaviour>always</OverwriteBehaviour>
      <ApplicationRelativeFilePath>../../BRUNO-API/BRUNO-API.Application/Cars/DeleteCar/DeleteCarCommandHandler.cs</ApplicationRelativeFilePath>
      <ProjectRelativeFilePath>Cars/DeleteCar/DeleteCarCommandHandler.cs</ProjectRelativeFilePath>
      <IsIgnored>false</IsIgnored>
    </FileLog>
    <FileLog>
      <ProjectId>d045a8e2-4210-470e-bb92-c988df53c22c</ProjectId>
      <CorrelationId>Intent.Application.MediatR.FluentValidation.CommandValidator#c7c90a89-5926-4472-a2b9-c48ce3a5196c</CorrelationId>
      <OverwriteBehaviour>always</OverwriteBehaviour>
      <ApplicationRelativeFilePath>../../BRUNO-API/BRUNO-API.Application/Cars/DeleteCar/DeleteCarCommandValidator.cs</ApplicationRelativeFilePath>
      <ProjectRelativeFilePath>Cars/DeleteCar/DeleteCarCommandValidator.cs</ProjectRelativeFilePath>
      <IsIgnored>false</IsIgnored>
    </FileLog>
    <FileLog>
      <ProjectId>d045a8e2-4210-470e-bb92-c988df53c22c</ProjectId>
      <CorrelationId>Intent.Application.MediatR.QueryModels#69443a56-12d9-4005-a0c4-b32306e668c6</CorrelationId>
      <OverwriteBehaviour>always</OverwriteBehaviour>
      <ApplicationRelativeFilePath>../../BRUNO-API/BRUNO-API.Application/Cars/GetCarById/GetCarByIdQuery.cs</ApplicationRelativeFilePath>
      <ProjectRelativeFilePath>Cars/GetCarById/GetCarByIdQuery.cs</ProjectRelativeFilePath>
      <IsIgnored>false</IsIgnored>
    </FileLog>
    <FileLog>
      <ProjectId>d045a8e2-4210-470e-bb92-c988df53c22c</ProjectId>
      <CorrelationId>Intent.Application.MediatR.QueryHandler#69443a56-12d9-4005-a0c4-b32306e668c6</CorrelationId>
      <OverwriteBehaviour>always</OverwriteBehaviour>
      <ApplicationRelativeFilePath>../../BRUNO-API/BRUNO-API.Application/Cars/GetCarById/GetCarByIdQueryHandler.cs</ApplicationRelativeFilePath>
      <ProjectRelativeFilePath>Cars/GetCarById/GetCarByIdQueryHandler.cs</ProjectRelativeFilePath>
      <IsIgnored>false</IsIgnored>
    </FileLog>
    <FileLog>
      <ProjectId>d045a8e2-4210-470e-bb92-c988df53c22c</ProjectId>
      <CorrelationId>Intent.Application.MediatR.FluentValidation.QueryValidator#69443a56-12d9-4005-a0c4-b32306e668c6</CorrelationId>
      <OverwriteBehaviour>always</OverwriteBehaviour>
      <ApplicationRelativeFilePath>../../BRUNO-API/BRUNO-API.Application/Cars/GetCarById/GetCarByIdQueryValidator.cs</ApplicationRelativeFilePath>
      <ProjectRelativeFilePath>Cars/GetCarById/GetCarByIdQueryValidator.cs</ProjectRelativeFilePath>
      <IsIgnored>false</IsIgnored>
    </FileLog>
    <FileLog>
      <ProjectId>d045a8e2-4210-470e-bb92-c988df53c22c</ProjectId>
      <CorrelationId>Intent.Application.MediatR.QueryModels#e6516a27-10b2-40ef-9189-7203aa85733e</CorrelationId>
      <OverwriteBehaviour>always</OverwriteBehaviour>
      <ApplicationRelativeFilePath>../../BRUNO-API/BRUNO-API.Application/Cars/GetCars/GetCarsQuery.cs</ApplicationRelativeFilePath>
      <ProjectRelativeFilePath>Cars/GetCars/GetCarsQuery.cs</ProjectRelativeFilePath>
      <IsIgnored>false</IsIgnored>
    </FileLog>
    <FileLog>
      <ProjectId>d045a8e2-4210-470e-bb92-c988df53c22c</ProjectId>
      <CorrelationId>Intent.Application.MediatR.QueryHandler#e6516a27-10b2-40ef-9189-7203aa85733e</CorrelationId>
      <OverwriteBehaviour>always</OverwriteBehaviour>
      <ApplicationRelativeFilePath>../../BRUNO-API/BRUNO-API.Application/Cars/GetCars/GetCarsQueryHandler.cs</ApplicationRelativeFilePath>
      <ProjectRelativeFilePath>Cars/GetCars/GetCarsQueryHandler.cs</ProjectRelativeFilePath>
      <IsIgnored>false</IsIgnored>
    </FileLog>
    <FileLog>
      <ProjectId>d045a8e2-4210-470e-bb92-c988df53c22c</ProjectId>
      <CorrelationId>Intent.Application.MediatR.FluentValidation.QueryValidator#e6516a27-10b2-40ef-9189-7203aa85733e</CorrelationId>
      <OverwriteBehaviour>always</OverwriteBehaviour>
      <ApplicationRelativeFilePath>../../BRUNO-API/BRUNO-API.Application/Cars/GetCars/GetCarsQueryValidator.cs</ApplicationRelativeFilePath>
      <ProjectRelativeFilePath>Cars/GetCars/GetCarsQueryValidator.cs</ProjectRelativeFilePath>
      <IsIgnored>false</IsIgnored>
    </FileLog>
    <FileLog>
      <ProjectId>d045a8e2-4210-470e-bb92-c988df53c22c</ProjectId>
      <CorrelationId>Intent.Application.MediatR.CommandModels#2e0655a3-5600-4583-92be-5fc020b53444</CorrelationId>
      <OverwriteBehaviour>always</OverwriteBehaviour>
      <ApplicationRelativeFilePath>../../BRUNO-API/BRUNO-API.Application/Cars/UpdateCar/UpdateCarCommand.cs</ApplicationRelativeFilePath>
      <ProjectRelativeFilePath>Cars/UpdateCar/UpdateCarCommand.cs</ProjectRelativeFilePath>
      <IsIgnored>false</IsIgnored>
    </FileLog>
    <FileLog>
      <ProjectId>d045a8e2-4210-470e-bb92-c988df53c22c</ProjectId>
      <CorrelationId>Intent.Application.MediatR.CommandHandler#2e0655a3-5600-4583-92be-5fc020b53444</CorrelationId>
      <OverwriteBehaviour>always</OverwriteBehaviour>
      <ApplicationRelativeFilePath>../../BRUNO-API/BRUNO-API.Application/Cars/UpdateCar/UpdateCarCommandHandler.cs</ApplicationRelativeFilePath>
      <ProjectRelativeFilePath>Cars/UpdateCar/UpdateCarCommandHandler.cs</ProjectRelativeFilePath>
      <IsIgnored>false</IsIgnored>
    </FileLog>
    <FileLog>
      <ProjectId>d045a8e2-4210-470e-bb92-c988df53c22c</ProjectId>
      <CorrelationId>Intent.Application.MediatR.FluentValidation.CommandValidator#2e0655a3-5600-4583-92be-5fc020b53444</CorrelationId>
      <OverwriteBehaviour>always</OverwriteBehaviour>
      <ApplicationRelativeFilePath>../../BRUNO-API/BRUNO-API.Application/Cars/UpdateCar/UpdateCarCommandValidator.cs</ApplicationRelativeFilePath>
      <ProjectRelativeFilePath>Cars/UpdateCar/UpdateCarCommandValidator.cs</ProjectRelativeFilePath>
      <IsIgnored>false</IsIgnored>
    </FileLog>
    <FileLog>
      <ProjectId>d045a8e2-4210-470e-bb92-c988df53c22c</ProjectId>
      <CorrelationId>Intent.Application.Dtos.DtoModel#4d6f95ae-002b-45a2-8780-bde54f9e5b3b</CorrelationId>
      <OverwriteBehaviour>always</OverwriteBehaviour>
      <ApplicationRelativeFilePath>../../BRUNO-API/BRUNO-API.Application/Clients/ClientDto.cs</ApplicationRelativeFilePath>
      <ProjectRelativeFilePath>Clients/ClientDto.cs</ProjectRelativeFilePath>
      <IsIgnored>false</IsIgnored>
    </FileLog>
    <FileLog>
      <ProjectId>d045a8e2-4210-470e-bb92-c988df53c22c</ProjectId>
      <CorrelationId>Intent.Application.Dtos.AutoMapper.MappingExtensions#4d6f95ae-002b-45a2-8780-bde54f9e5b3b</CorrelationId>
      <OverwriteBehaviour>always</OverwriteBehaviour>
      <ApplicationRelativeFilePath>../../BRUNO-API/BRUNO-API.Application/Clients/ClientDtoMappingExtensions.cs</ApplicationRelativeFilePath>
      <ProjectRelativeFilePath>Clients/ClientDtoMappingExtensions.cs</ProjectRelativeFilePath>
      <IsIgnored>false</IsIgnored>
    </FileLog>
    <FileLog>
      <ProjectId>d045a8e2-4210-470e-bb92-c988df53c22c</ProjectId>
      <CorrelationId>Intent.Application.MediatR.CommandModels#6b792499-5b66-4976-b12b-090926a26166</CorrelationId>
      <OverwriteBehaviour>always</OverwriteBehaviour>
      <ApplicationRelativeFilePath>../../BRUNO-API/BRUNO-API.Application/Clients/CreateClient/CreateClientCommand.cs</ApplicationRelativeFilePath>
      <ProjectRelativeFilePath>Clients/CreateClient/CreateClientCommand.cs</ProjectRelativeFilePath>
      <IsIgnored>false</IsIgnored>
    </FileLog>
    <FileLog>
      <ProjectId>d045a8e2-4210-470e-bb92-c988df53c22c</ProjectId>
      <CorrelationId>Intent.Application.MediatR.CommandHandler#6b792499-5b66-4976-b12b-090926a26166</CorrelationId>
      <OverwriteBehaviour>always</OverwriteBehaviour>
      <ApplicationRelativeFilePath>../../BRUNO-API/BRUNO-API.Application/Clients/CreateClient/CreateClientCommandHandler.cs</ApplicationRelativeFilePath>
      <ProjectRelativeFilePath>Clients/CreateClient/CreateClientCommandHandler.cs</ProjectRelativeFilePath>
      <IsIgnored>false</IsIgnored>
    </FileLog>
    <FileLog>
      <ProjectId>d045a8e2-4210-470e-bb92-c988df53c22c</ProjectId>
      <CorrelationId>Intent.Application.MediatR.FluentValidation.CommandValidator#6b792499-5b66-4976-b12b-090926a26166</CorrelationId>
      <OverwriteBehaviour>always</OverwriteBehaviour>
      <ApplicationRelativeFilePath>../../BRUNO-API/BRUNO-API.Application/Clients/CreateClient/CreateClientCommandValidator.cs</ApplicationRelativeFilePath>
      <ProjectRelativeFilePath>Clients/CreateClient/CreateClientCommandValidator.cs</ProjectRelativeFilePath>
      <IsIgnored>false</IsIgnored>
    </FileLog>
    <FileLog>
      <ProjectId>d045a8e2-4210-470e-bb92-c988df53c22c</ProjectId>
      <CorrelationId>Intent.Application.MediatR.CommandModels#393497ae-dffa-4a9b-a0ea-3aef91d2f51c</CorrelationId>
      <OverwriteBehaviour>always</OverwriteBehaviour>
      <ApplicationRelativeFilePath>../../BRUNO-API/BRUNO-API.Application/Clients/DeleteClient/DeleteClientCommand.cs</ApplicationRelativeFilePath>
      <ProjectRelativeFilePath>Clients/DeleteClient/DeleteClientCommand.cs</ProjectRelativeFilePath>
      <IsIgnored>false</IsIgnored>
    </FileLog>
    <FileLog>
      <ProjectId>d045a8e2-4210-470e-bb92-c988df53c22c</ProjectId>
      <CorrelationId>Intent.Application.MediatR.CommandHandler#393497ae-dffa-4a9b-a0ea-3aef91d2f51c</CorrelationId>
      <OverwriteBehaviour>always</OverwriteBehaviour>
      <ApplicationRelativeFilePath>../../BRUNO-API/BRUNO-API.Application/Clients/DeleteClient/DeleteClientCommandHandler.cs</ApplicationRelativeFilePath>
      <ProjectRelativeFilePath>Clients/DeleteClient/DeleteClientCommandHandler.cs</ProjectRelativeFilePath>
      <IsIgnored>false</IsIgnored>
    </FileLog>
    <FileLog>
      <ProjectId>d045a8e2-4210-470e-bb92-c988df53c22c</ProjectId>
      <CorrelationId>Intent.Application.MediatR.FluentValidation.CommandValidator#393497ae-dffa-4a9b-a0ea-3aef91d2f51c</CorrelationId>
      <OverwriteBehaviour>always</OverwriteBehaviour>
      <ApplicationRelativeFilePath>../../BRUNO-API/BRUNO-API.Application/Clients/DeleteClient/DeleteClientCommandValidator.cs</ApplicationRelativeFilePath>
      <ProjectRelativeFilePath>Clients/DeleteClient/DeleteClientCommandValidator.cs</ProjectRelativeFilePath>
      <IsIgnored>false</IsIgnored>
    </FileLog>
    <FileLog>
      <ProjectId>d045a8e2-4210-470e-bb92-c988df53c22c</ProjectId>
      <CorrelationId>Intent.Application.MediatR.QueryModels#4491c5ea-10cf-4816-814a-4f85ce8c96e0</CorrelationId>
      <OverwriteBehaviour>always</OverwriteBehaviour>
      <ApplicationRelativeFilePath>../../BRUNO-API/BRUNO-API.Application/Clients/GetClientById/GetClientByIdQuery.cs</ApplicationRelativeFilePath>
      <ProjectRelativeFilePath>Clients/GetClientById/GetClientByIdQuery.cs</ProjectRelativeFilePath>
      <IsIgnored>false</IsIgnored>
    </FileLog>
    <FileLog>
      <ProjectId>d045a8e2-4210-470e-bb92-c988df53c22c</ProjectId>
      <CorrelationId>Intent.Application.MediatR.QueryHandler#4491c5ea-10cf-4816-814a-4f85ce8c96e0</CorrelationId>
      <OverwriteBehaviour>always</OverwriteBehaviour>
      <ApplicationRelativeFilePath>../../BRUNO-API/BRUNO-API.Application/Clients/GetClientById/GetClientByIdQueryHandler.cs</ApplicationRelativeFilePath>
      <ProjectRelativeFilePath>Clients/GetClientById/GetClientByIdQueryHandler.cs</ProjectRelativeFilePath>
      <IsIgnored>false</IsIgnored>
    </FileLog>
    <FileLog>
      <ProjectId>d045a8e2-4210-470e-bb92-c988df53c22c</ProjectId>
      <CorrelationId>Intent.Application.MediatR.FluentValidation.QueryValidator#4491c5ea-10cf-4816-814a-4f85ce8c96e0</CorrelationId>
      <OverwriteBehaviour>always</OverwriteBehaviour>
      <ApplicationRelativeFilePath>../../BRUNO-API/BRUNO-API.Application/Clients/GetClientById/GetClientByIdQueryValidator.cs</ApplicationRelativeFilePath>
      <ProjectRelativeFilePath>Clients/GetClientById/GetClientByIdQueryValidator.cs</ProjectRelativeFilePath>
      <IsIgnored>false</IsIgnored>
    </FileLog>
    <FileLog>
      <ProjectId>d045a8e2-4210-470e-bb92-c988df53c22c</ProjectId>
      <CorrelationId>Intent.Application.MediatR.QueryModels#34e5ab6d-2708-4e84-9183-3c8c7c77f087</CorrelationId>
      <OverwriteBehaviour>always</OverwriteBehaviour>
      <ApplicationRelativeFilePath>../../BRUNO-API/BRUNO-API.Application/Clients/GetClients/GetClientsQuery.cs</ApplicationRelativeFilePath>
      <ProjectRelativeFilePath>Clients/GetClients/GetClientsQuery.cs</ProjectRelativeFilePath>
      <IsIgnored>false</IsIgnored>
    </FileLog>
    <FileLog>
      <ProjectId>d045a8e2-4210-470e-bb92-c988df53c22c</ProjectId>
      <CorrelationId>Intent.Application.MediatR.QueryHandler#34e5ab6d-2708-4e84-9183-3c8c7c77f087</CorrelationId>
      <OverwriteBehaviour>always</OverwriteBehaviour>
      <ApplicationRelativeFilePath>../../BRUNO-API/BRUNO-API.Application/Clients/GetClients/GetClientsQueryHandler.cs</ApplicationRelativeFilePath>
      <ProjectRelativeFilePath>Clients/GetClients/GetClientsQueryHandler.cs</ProjectRelativeFilePath>
      <IsIgnored>false</IsIgnored>
    </FileLog>
    <FileLog>
      <ProjectId>d045a8e2-4210-470e-bb92-c988df53c22c</ProjectId>
      <CorrelationId>Intent.Application.MediatR.FluentValidation.QueryValidator#34e5ab6d-2708-4e84-9183-3c8c7c77f087</CorrelationId>
      <OverwriteBehaviour>always</OverwriteBehaviour>
      <ApplicationRelativeFilePath>../../BRUNO-API/BRUNO-API.Application/Clients/GetClients/GetClientsQueryValidator.cs</ApplicationRelativeFilePath>
      <ProjectRelativeFilePath>Clients/GetClients/GetClientsQueryValidator.cs</ProjectRelativeFilePath>
      <IsIgnored>false</IsIgnored>
    </FileLog>
    <FileLog>
      <ProjectId>d045a8e2-4210-470e-bb92-c988df53c22c</ProjectId>
      <CorrelationId>Intent.Application.MediatR.CommandModels#32d2a5a0-3f27-439c-864a-1151eeebd17e</CorrelationId>
      <OverwriteBehaviour>always</OverwriteBehaviour>
      <ApplicationRelativeFilePath>../../BRUNO-API/BRUNO-API.Application/Clients/UpdateClient/UpdateClientCommand.cs</ApplicationRelativeFilePath>
      <ProjectRelativeFilePath>Clients/UpdateClient/UpdateClientCommand.cs</ProjectRelativeFilePath>
      <IsIgnored>false</IsIgnored>
    </FileLog>
    <FileLog>
      <ProjectId>d045a8e2-4210-470e-bb92-c988df53c22c</ProjectId>
      <CorrelationId>Intent.Application.MediatR.CommandHandler#32d2a5a0-3f27-439c-864a-1151eeebd17e</CorrelationId>
      <OverwriteBehaviour>always</OverwriteBehaviour>
      <ApplicationRelativeFilePath>../../BRUNO-API/BRUNO-API.Application/Clients/UpdateClient/UpdateClientCommandHandler.cs</ApplicationRelativeFilePath>
      <ProjectRelativeFilePath>Clients/UpdateClient/UpdateClientCommandHandler.cs</ProjectRelativeFilePath>
      <IsIgnored>false</IsIgnored>
    </FileLog>
    <FileLog>
      <ProjectId>d045a8e2-4210-470e-bb92-c988df53c22c</ProjectId>
      <CorrelationId>Intent.Application.MediatR.FluentValidation.CommandValidator#32d2a5a0-3f27-439c-864a-1151eeebd17e</CorrelationId>
      <OverwriteBehaviour>always</OverwriteBehaviour>
      <ApplicationRelativeFilePath>../../BRUNO-API/BRUNO-API.Application/Clients/UpdateClient/UpdateClientCommandValidator.cs</ApplicationRelativeFilePath>
      <ProjectRelativeFilePath>Clients/UpdateClient/UpdateClientCommandValidator.cs</ProjectRelativeFilePath>
      <IsIgnored>false</IsIgnored>
    </FileLog>
    <FileLog>
      <ProjectId>9981197d-d6e7-49b5-923f-f235463eff6b</ProjectId>
      <CorrelationId>Intent.Application.MediatR.Behaviours.AuthorizationBehaviour</CorrelationId>
      <OverwriteBehaviour>always</OverwriteBehaviour>
      <ApplicationRelativeFilePath>../../BRUNO-API/BRUNO-API.Application/Common/Behaviours/AuthorizationBehaviour.cs</ApplicationRelativeFilePath>
      <ProjectRelativeFilePath>AuthorizationBehaviour.cs</ProjectRelativeFilePath>
      <IsIgnored>false</IsIgnored>
    </FileLog>
    <FileLog>
      <ProjectId>9981197d-d6e7-49b5-923f-f235463eff6b</ProjectId>
      <CorrelationId>Intent.Application.MediatR.Behaviours.EventBusPublishBehaviour</CorrelationId>
      <OverwriteBehaviour>always</OverwriteBehaviour>
      <ApplicationRelativeFilePath>../../BRUNO-API/BRUNO-API.Application/Common/Behaviours/EventBusPublishBehaviour.cs</ApplicationRelativeFilePath>
      <ProjectRelativeFilePath>EventBusPublishBehaviour.cs</ProjectRelativeFilePath>
      <IsIgnored>false</IsIgnored>
    </FileLog>
    <FileLog>
      <ProjectId>9981197d-d6e7-49b5-923f-f235463eff6b</ProjectId>
      <CorrelationId>Intent.Application.MediatR.Behaviours.LoggingBehaviour</CorrelationId>
      <OverwriteBehaviour>always</OverwriteBehaviour>
      <ApplicationRelativeFilePath>../../BRUNO-API/BRUNO-API.Application/Common/Behaviours/LoggingBehaviour.cs</ApplicationRelativeFilePath>
      <ProjectRelativeFilePath>LoggingBehaviour.cs</ProjectRelativeFilePath>
      <IsIgnored>false</IsIgnored>
    </FileLog>
    <FileLog>
      <ProjectId>9981197d-d6e7-49b5-923f-f235463eff6b</ProjectId>
      <CorrelationId>Intent.Application.MediatR.Behaviours.PerformanceBehaviour</CorrelationId>
      <OverwriteBehaviour>always</OverwriteBehaviour>
      <ApplicationRelativeFilePath>../../BRUNO-API/BRUNO-API.Application/Common/Behaviours/PerformanceBehaviour.cs</ApplicationRelativeFilePath>
      <ProjectRelativeFilePath>PerformanceBehaviour.cs</ProjectRelativeFilePath>
      <IsIgnored>false</IsIgnored>
    </FileLog>
    <FileLog>
      <ProjectId>9981197d-d6e7-49b5-923f-f235463eff6b</ProjectId>
      <CorrelationId>Intent.Application.MediatR.Behaviours.UnhandledExceptionBehaviour</CorrelationId>
      <OverwriteBehaviour>always</OverwriteBehaviour>
      <ApplicationRelativeFilePath>../../BRUNO-API/BRUNO-API.Application/Common/Behaviours/UnhandledExceptionBehaviour.cs</ApplicationRelativeFilePath>
      <ProjectRelativeFilePath>UnhandledExceptionBehaviour.cs</ProjectRelativeFilePath>
      <IsIgnored>false</IsIgnored>
    </FileLog>
    <FileLog>
      <ProjectId>9981197d-d6e7-49b5-923f-f235463eff6b</ProjectId>
      <CorrelationId>Intent.Application.MediatR.Behaviours.UnitOfWorkBehaviour</CorrelationId>
      <OverwriteBehaviour>always</OverwriteBehaviour>
      <ApplicationRelativeFilePath>../../BRUNO-API/BRUNO-API.Application/Common/Behaviours/UnitOfWorkBehaviour.cs</ApplicationRelativeFilePath>
      <ProjectRelativeFilePath>UnitOfWorkBehaviour.cs</ProjectRelativeFilePath>
      <IsIgnored>false</IsIgnored>
    </FileLog>
    <FileLog>
      <ProjectId>9981197d-d6e7-49b5-923f-f235463eff6b</ProjectId>
      <CorrelationId>Intent.Application.MediatR.FluentValidation.ValidationBehaviour</CorrelationId>
      <OverwriteBehaviour>always</OverwriteBehaviour>
      <ApplicationRelativeFilePath>../../BRUNO-API/BRUNO-API.Application/Common/Behaviours/ValidationBehaviour.cs</ApplicationRelativeFilePath>
      <ProjectRelativeFilePath>ValidationBehaviour.cs</ProjectRelativeFilePath>
      <IsIgnored>false</IsIgnored>
    </FileLog>
    <FileLog>
      <ProjectId>e3bc4852-845f-4bfc-bb7c-e8925937e661</ProjectId>
      <CorrelationId>Intent.Eventing.Contracts.EventBusInterface</CorrelationId>
      <OverwriteBehaviour>always</OverwriteBehaviour>
      <ApplicationRelativeFilePath>../../BRUNO-API/BRUNO-API.Application/Common/Eventing/IEventBus.cs</ApplicationRelativeFilePath>
      <ProjectRelativeFilePath>IEventBus.cs</ProjectRelativeFilePath>
      <IsIgnored>false</IsIgnored>
    </FileLog>
    <FileLog>
      <ProjectId>e3bc4852-845f-4bfc-bb7c-e8925937e661</ProjectId>
      <CorrelationId>Intent.Eventing.Contracts.IntegrationEventHandlerInterface</CorrelationId>
      <OverwriteBehaviour>always</OverwriteBehaviour>
      <ApplicationRelativeFilePath>../../BRUNO-API/BRUNO-API.Application/Common/Eventing/IIntegrationEventHandler.cs</ApplicationRelativeFilePath>
      <ProjectRelativeFilePath>IIntegrationEventHandler.cs</ProjectRelativeFilePath>
      <IsIgnored>false</IsIgnored>
    </FileLog>
    <FileLog>
      <ProjectId>8b09e9ae-2f05-4123-8937-9baf824721c8</ProjectId>
      <CorrelationId>Intent.Application.Identity.ForbiddenAccessException</CorrelationId>
      <OverwriteBehaviour>always</OverwriteBehaviour>
      <ApplicationRelativeFilePath>../../BRUNO-API/BRUNO-API.Application/Common/Exceptions/ForbiddenAccessException.cs</ApplicationRelativeFilePath>
      <ProjectRelativeFilePath>ForbiddenAccessException.cs</ProjectRelativeFilePath>
      <IsIgnored>false</IsIgnored>
    </FileLog>
    <FileLog>
      <ProjectId>a398ccd1-ef14-4e1a-9cc3-23d16c46fbe3</ProjectId>
      <CorrelationId>Intent.EntityFrameworkCore.DbContextInterface</CorrelationId>
      <OverwriteBehaviour>always</OverwriteBehaviour>
      <ApplicationRelativeFilePath>../../BRUNO-API/BRUNO-API.Application/Common/Interfaces/IApplicationDbContext.cs</ApplicationRelativeFilePath>
      <ProjectRelativeFilePath>IApplicationDbContext.cs</ProjectRelativeFilePath>
      <IsIgnored>false</IsIgnored>
    </FileLog>
    <FileLog>
      <ProjectId>a398ccd1-ef14-4e1a-9cc3-23d16c46fbe3</ProjectId>
      <CorrelationId>Intent.Application.MediatR.CommandInterface</CorrelationId>
      <OverwriteBehaviour>always</OverwriteBehaviour>
      <ApplicationRelativeFilePath>../../BRUNO-API/BRUNO-API.Application/Common/Interfaces/ICommand.cs</ApplicationRelativeFilePath>
      <ProjectRelativeFilePath>ICommand.cs</ProjectRelativeFilePath>
      <IsIgnored>false</IsIgnored>
    </FileLog>
    <FileLog>
      <ProjectId>a398ccd1-ef14-4e1a-9cc3-23d16c46fbe3</ProjectId>
      <CorrelationId>Intent.Application.Identity.CurrentUserServiceInterface</CorrelationId>
      <OverwriteBehaviour>always</OverwriteBehaviour>
      <ApplicationRelativeFilePath>../../BRUNO-API/BRUNO-API.Application/Common/Interfaces/ICurrentUserService.cs</ApplicationRelativeFilePath>
      <ProjectRelativeFilePath>ICurrentUserService.cs</ProjectRelativeFilePath>
      <IsIgnored>false</IsIgnored>
    </FileLog>
    <FileLog>
      <ProjectId>a398ccd1-ef14-4e1a-9cc3-23d16c46fbe3</ProjectId>
      <CorrelationId>Intent.DomainEvents.DomainEventServiceInterface</CorrelationId>
      <OverwriteBehaviour>always</OverwriteBehaviour>
      <ApplicationRelativeFilePath>../../BRUNO-API/BRUNO-API.Application/Common/Interfaces/IDomainEventService.cs</ApplicationRelativeFilePath>
      <ProjectRelativeFilePath>IDomainEventService.cs</ProjectRelativeFilePath>
      <IsIgnored>false</IsIgnored>
    </FileLog>
    <FileLog>
      <ProjectId>a398ccd1-ef14-4e1a-9cc3-23d16c46fbe3</ProjectId>
      <CorrelationId>Intent.Application.MediatR.QueryInterface</CorrelationId>
      <OverwriteBehaviour>always</OverwriteBehaviour>
      <ApplicationRelativeFilePath>../../BRUNO-API/BRUNO-API.Application/Common/Interfaces/IQuery.cs</ApplicationRelativeFilePath>
      <ProjectRelativeFilePath>IQuery.cs</ProjectRelativeFilePath>
      <IsIgnored>false</IsIgnored>
    </FileLog>
    <FileLog>
      <ProjectId>1397c2a6-981e-43b1-83bf-cf4c70ffb930</ProjectId>
      <CorrelationId>Intent.Application.AutoMapper.MapFromInterface</CorrelationId>
      <OverwriteBehaviour>always</OverwriteBehaviour>
      <ApplicationRelativeFilePath>../../BRUNO-API/BRUNO-API.Application/Common/Mappings/IMapFrom.cs</ApplicationRelativeFilePath>
      <ProjectRelativeFilePath>IMapFrom.cs</ProjectRelativeFilePath>
      <IsIgnored>false</IsIgnored>
    </FileLog>
    <FileLog>
      <ProjectId>1397c2a6-981e-43b1-83bf-cf4c70ffb930</ProjectId>
      <CorrelationId>Intent.Application.AutoMapper.MappingProfile</CorrelationId>
      <OverwriteBehaviour>always</OverwriteBehaviour>
      <ApplicationRelativeFilePath>../../BRUNO-API/BRUNO-API.Application/Common/Mappings/MappingProfile.cs</ApplicationRelativeFilePath>
      <ProjectRelativeFilePath>MappingProfile.cs</ProjectRelativeFilePath>
      <IsIgnored>false</IsIgnored>
    </FileLog>
    <FileLog>
      <ProjectId>2da10778-82b2-4aa2-91cb-7ca639b9282e</ProjectId>
      <CorrelationId>Intent.MediatR.DomainEvents.DomainEventNotification</CorrelationId>
      <OverwriteBehaviour>always</OverwriteBehaviour>
      <ApplicationRelativeFilePath>../../BRUNO-API/BRUNO-API.Application/Common/Models/DomainEventNotification.cs</ApplicationRelativeFilePath>
      <ProjectRelativeFilePath>DomainEventNotification.cs</ProjectRelativeFilePath>
      <IsIgnored>false</IsIgnored>
    </FileLog>
    <FileLog>
      <ProjectId>2da10778-82b2-4aa2-91cb-7ca639b9282e</ProjectId>
      <CorrelationId>Intent.Application.Identity.ResultModel</CorrelationId>
      <OverwriteBehaviour>always</OverwriteBehaviour>
      <ApplicationRelativeFilePath>../../BRUNO-API/BRUNO-API.Application/Common/Models/Result.cs</ApplicationRelativeFilePath>
      <ProjectRelativeFilePath>Result.cs</ProjectRelativeFilePath>
      <IsIgnored>false</IsIgnored>
    </FileLog>
    <FileLog>
      <ProjectId>38234d8f-6c95-424c-bfca-cc2e2a45ec9b</ProjectId>
      <CorrelationId>Intent.EntityFrameworkCore.PagedList</CorrelationId>
      <OverwriteBehaviour>always</OverwriteBehaviour>
      <ApplicationRelativeFilePath>../../BRUNO-API/BRUNO-API.Application/Common/Pagination/PagedList.cs</ApplicationRelativeFilePath>
      <ProjectRelativeFilePath>PagedList.cs</ProjectRelativeFilePath>
      <IsIgnored>false</IsIgnored>
    </FileLog>
    <FileLog>
      <ProjectId>38234d8f-6c95-424c-bfca-cc2e2a45ec9b</ProjectId>
      <CorrelationId>Intent.Application.Dtos.Pagination.PagedResult</CorrelationId>
      <OverwriteBehaviour>always</OverwriteBehaviour>
      <ApplicationRelativeFilePath>../../BRUNO-API/BRUNO-API.Application/Common/Pagination/PagedResult.cs</ApplicationRelativeFilePath>
      <ProjectRelativeFilePath>PagedResult.cs</ProjectRelativeFilePath>
      <IsIgnored>false</IsIgnored>
    </FileLog>
    <FileLog>
      <ProjectId>38234d8f-6c95-424c-bfca-cc2e2a45ec9b</ProjectId>
      <CorrelationId>Intent.Application.Dtos.Pagination.PagedResultMappingExtensions</CorrelationId>
      <OverwriteBehaviour>always</OverwriteBehaviour>
      <ApplicationRelativeFilePath>../../BRUNO-API/BRUNO-API.Application/Common/Pagination/PagedResultMappingExtensions.cs</ApplicationRelativeFilePath>
      <ProjectRelativeFilePath>PagedResultMappingExtensions.cs</ProjectRelativeFilePath>
      <IsIgnored>false</IsIgnored>
    </FileLog>
    <FileLog>
      <ProjectId>345b34d8-c8e1-43ce-b035-7469d824e009</ProjectId>
      <CorrelationId>Intent.Application.Identity.AuthorizeAttribute</CorrelationId>
      <OverwriteBehaviour>always</OverwriteBehaviour>
      <ApplicationRelativeFilePath>../../BRUNO-API/BRUNO-API.Application/Common/Security/AuthorizeAttribute.cs</ApplicationRelativeFilePath>
      <ProjectRelativeFilePath>AuthorizeAttribute.cs</ProjectRelativeFilePath>
      <IsIgnored>false</IsIgnored>
    </FileLog>
    <FileLog>
      <ProjectId>210713ab-c5c9-438d-a502-44adced803de</ProjectId>
      <CorrelationId>Intent.Application.FluentValidation.Dtos.ValidatorProviderInterface</CorrelationId>
      <OverwriteBehaviour>always</OverwriteBehaviour>
      <ApplicationRelativeFilePath>../../BRUNO-API/BRUNO-API.Application/Common/Validation/IValidatorProvider.cs</ApplicationRelativeFilePath>
      <ProjectRelativeFilePath>IValidatorProvider.cs</ProjectRelativeFilePath>
      <IsIgnored>false</IsIgnored>
    </FileLog>
    <FileLog>
      <ProjectId>210713ab-c5c9-438d-a502-44adced803de</ProjectId>
      <CorrelationId>Intent.Application.FluentValidation.Dtos.ValidatorProvider</CorrelationId>
      <OverwriteBehaviour>always</OverwriteBehaviour>
      <ApplicationRelativeFilePath>../../BRUNO-API/BRUNO-API.Application/Common/Validation/ValidatorProvider.cs</ApplicationRelativeFilePath>
      <ProjectRelativeFilePath>ValidatorProvider.cs</ProjectRelativeFilePath>
      <IsIgnored>false</IsIgnored>
    </FileLog>
    <FileLog>
      <ProjectId>d045a8e2-4210-470e-bb92-c988df53c22c</ProjectId>
      <CorrelationId>Intent.Application.DependencyInjection.DependencyInjection</CorrelationId>
      <OverwriteBehaviour>always</OverwriteBehaviour>
      <ApplicationRelativeFilePath>../../BRUNO-API/BRUNO-API.Application/DependencyInjection.cs</ApplicationRelativeFilePath>
      <ProjectRelativeFilePath>DependencyInjection.cs</ProjectRelativeFilePath>
      <IsIgnored>false</IsIgnored>
    </FileLog>
    <FileLog>
      <ProjectId>02737861-aeaf-4173-8493-9d74a7d2ae1e</ProjectId>
      <CorrelationId>Intent.Application.ServiceImplementations.ServiceImplementation#d5d812d4-9808-40a2-8a05-788cc4aa524d</CorrelationId>
      <OverwriteBehaviour>always</OverwriteBehaviour>
      <ApplicationRelativeFilePath>../../BRUNO-API/BRUNO-API.Application/Implementation/Cars/CarService.cs</ApplicationRelativeFilePath>
      <ProjectRelativeFilePath>Cars/CarService.cs</ProjectRelativeFilePath>
      <IsIgnored>false</IsIgnored>
    </FileLog>
    <FileLog>
      <ProjectId>13f6c69d-57cf-4744-b3a4-3b3acd024105</ProjectId>
      <CorrelationId>Intent.Application.Contracts.ServiceContract#d5d812d4-9808-40a2-8a05-788cc4aa524d</CorrelationId>
      <OverwriteBehaviour>always</OverwriteBehaviour>
      <ApplicationRelativeFilePath>../../BRUNO-API/BRUNO-API.Application/Interfaces/Cars/ICarService.cs</ApplicationRelativeFilePath>
      <ProjectRelativeFilePath>Cars/ICarService.cs</ProjectRelativeFilePath>
      <IsIgnored>false</IsIgnored>
    </FileLog>
    <FileLog>
      <ProjectId>d045a8e2-4210-470e-bb92-c988df53c22c</ProjectId>
      <CorrelationId>Intent.Application.Dtos.DtoModel#bd21b2dc-243e-44c6-b8eb-3a3f7635b129</CorrelationId>
      <OverwriteBehaviour>always</OverwriteBehaviour>
      <ApplicationRelativeFilePath>../../BRUNO-API/BRUNO-API.Application/Rentals/CarDto.cs</ApplicationRelativeFilePath>
      <ProjectRelativeFilePath>Rentals/CarDto.cs</ProjectRelativeFilePath>
      <IsIgnored>false</IsIgnored>
    </FileLog>
    <FileLog>
      <ProjectId>d045a8e2-4210-470e-bb92-c988df53c22c</ProjectId>
      <CorrelationId>Intent.Application.Dtos.AutoMapper.MappingExtensions#bd21b2dc-243e-44c6-b8eb-3a3f7635b129</CorrelationId>
      <OverwriteBehaviour>always</OverwriteBehaviour>
      <ApplicationRelativeFilePath>../../BRUNO-API/BRUNO-API.Application/Rentals/CarDtoMappingExtensions.cs</ApplicationRelativeFilePath>
      <ProjectRelativeFilePath>Rentals/CarDtoMappingExtensions.cs</ProjectRelativeFilePath>
      <IsIgnored>false</IsIgnored>
    </FileLog>
    <FileLog>
      <ProjectId>d045a8e2-4210-470e-bb92-c988df53c22c</ProjectId>
      <CorrelationId>Intent.Application.FluentValidation.Dtos.DTOValidator#bd21b2dc-243e-44c6-b8eb-3a3f7635b129</CorrelationId>
      <OverwriteBehaviour>always</OverwriteBehaviour>
      <ApplicationRelativeFilePath>../../BRUNO-API/BRUNO-API.Application/Rentals/CarDtoValidator.cs</ApplicationRelativeFilePath>
      <ProjectRelativeFilePath>Rentals/CarDtoValidator.cs</ProjectRelativeFilePath>
      <IsIgnored>false</IsIgnored>
    </FileLog>
    <FileLog>
      <ProjectId>d045a8e2-4210-470e-bb92-c988df53c22c</ProjectId>
      <CorrelationId>Intent.Application.Dtos.DtoModel#ac638e10-f347-4006-8a78-6d458a1a1b85</CorrelationId>
      <OverwriteBehaviour>always</OverwriteBehaviour>
      <ApplicationRelativeFilePath>../../BRUNO-API/BRUNO-API.Application/Rentals/ClientDto.cs</ApplicationRelativeFilePath>
      <ProjectRelativeFilePath>Rentals/ClientDto.cs</ProjectRelativeFilePath>
      <IsIgnored>false</IsIgnored>
    </FileLog>
    <FileLog>
      <ProjectId>d045a8e2-4210-470e-bb92-c988df53c22c</ProjectId>
      <CorrelationId>Intent.Application.Dtos.AutoMapper.MappingExtensions#ac638e10-f347-4006-8a78-6d458a1a1b85</CorrelationId>
      <OverwriteBehaviour>always</OverwriteBehaviour>
      <ApplicationRelativeFilePath>../../BRUNO-API/BRUNO-API.Application/Rentals/ClientDtoMappingExtensions.cs</ApplicationRelativeFilePath>
      <ProjectRelativeFilePath>Rentals/ClientDtoMappingExtensions.cs</ProjectRelativeFilePath>
      <IsIgnored>false</IsIgnored>
    </FileLog>
    <FileLog>
      <ProjectId>d045a8e2-4210-470e-bb92-c988df53c22c</ProjectId>
      <CorrelationId>Intent.Application.FluentValidation.Dtos.DTOValidator#ac638e10-f347-4006-8a78-6d458a1a1b85</CorrelationId>
      <OverwriteBehaviour>always</OverwriteBehaviour>
      <ApplicationRelativeFilePath>../../BRUNO-API/BRUNO-API.Application/Rentals/ClientDtoValidator.cs</ApplicationRelativeFilePath>
      <ProjectRelativeFilePath>Rentals/ClientDtoValidator.cs</ProjectRelativeFilePath>
      <IsIgnored>false</IsIgnored>
    </FileLog>
    <FileLog>
      <ProjectId>d045a8e2-4210-470e-bb92-c988df53c22c</ProjectId>
      <CorrelationId>Intent.Application.MediatR.CommandModels#b2e14f05-2912-43d5-9b77-264da0a925e6</CorrelationId>
      <OverwriteBehaviour>always</OverwriteBehaviour>
      <ApplicationRelativeFilePath>../../BRUNO-API/BRUNO-API.Application/Rentals/CreateRental/CreateRentalCommand.cs</ApplicationRelativeFilePath>
      <ProjectRelativeFilePath>Rentals/CreateRental/CreateRentalCommand.cs</ProjectRelativeFilePath>
      <IsIgnored>false</IsIgnored>
    </FileLog>
    <FileLog>
      <ProjectId>d045a8e2-4210-470e-bb92-c988df53c22c</ProjectId>
      <CorrelationId>Intent.Application.MediatR.CommandHandler#b2e14f05-2912-43d5-9b77-264da0a925e6</CorrelationId>
      <OverwriteBehaviour>always</OverwriteBehaviour>
      <ApplicationRelativeFilePath>../../BRUNO-API/BRUNO-API.Application/Rentals/CreateRental/CreateRentalCommandHandler.cs</ApplicationRelativeFilePath>
      <ProjectRelativeFilePath>Rentals/CreateRental/CreateRentalCommandHandler.cs</ProjectRelativeFilePath>
      <IsIgnored>false</IsIgnored>
    </FileLog>
    <FileLog>
      <ProjectId>d045a8e2-4210-470e-bb92-c988df53c22c</ProjectId>
      <CorrelationId>Intent.Application.MediatR.FluentValidation.CommandValidator#b2e14f05-2912-43d5-9b77-264da0a925e6</CorrelationId>
      <OverwriteBehaviour>always</OverwriteBehaviour>
      <ApplicationRelativeFilePath>../../BRUNO-API/BRUNO-API.Application/Rentals/CreateRental/CreateRentalCommandValidator.cs</ApplicationRelativeFilePath>
      <ProjectRelativeFilePath>Rentals/CreateRental/CreateRentalCommandValidator.cs</ProjectRelativeFilePath>
      <IsIgnored>false</IsIgnored>
    </FileLog>
    <FileLog>
      <ProjectId>d045a8e2-4210-470e-bb92-c988df53c22c</ProjectId>
      <CorrelationId>Intent.Application.MediatR.CommandModels#846526e3-8603-488a-a841-74185a73e14a</CorrelationId>
      <OverwriteBehaviour>always</OverwriteBehaviour>
      <ApplicationRelativeFilePath>../../BRUNO-API/BRUNO-API.Application/Rentals/DeleteRental/DeleteRentalCommand.cs</ApplicationRelativeFilePath>
      <ProjectRelativeFilePath>Rentals/DeleteRental/DeleteRentalCommand.cs</ProjectRelativeFilePath>
      <IsIgnored>false</IsIgnored>
    </FileLog>
    <FileLog>
      <ProjectId>d045a8e2-4210-470e-bb92-c988df53c22c</ProjectId>
      <CorrelationId>Intent.Application.MediatR.CommandHandler#846526e3-8603-488a-a841-74185a73e14a</CorrelationId>
      <OverwriteBehaviour>always</OverwriteBehaviour>
      <ApplicationRelativeFilePath>../../BRUNO-API/BRUNO-API.Application/Rentals/DeleteRental/DeleteRentalCommandHandler.cs</ApplicationRelativeFilePath>
      <ProjectRelativeFilePath>Rentals/DeleteRental/DeleteRentalCommandHandler.cs</ProjectRelativeFilePath>
      <IsIgnored>false</IsIgnored>
    </FileLog>
    <FileLog>
      <ProjectId>d045a8e2-4210-470e-bb92-c988df53c22c</ProjectId>
      <CorrelationId>Intent.Application.MediatR.FluentValidation.CommandValidator#846526e3-8603-488a-a841-74185a73e14a</CorrelationId>
      <OverwriteBehaviour>always</OverwriteBehaviour>
      <ApplicationRelativeFilePath>../../BRUNO-API/BRUNO-API.Application/Rentals/DeleteRental/DeleteRentalCommandValidator.cs</ApplicationRelativeFilePath>
      <ProjectRelativeFilePath>Rentals/DeleteRental/DeleteRentalCommandValidator.cs</ProjectRelativeFilePath>
      <IsIgnored>false</IsIgnored>
    </FileLog>
    <FileLog>
      <ProjectId>d045a8e2-4210-470e-bb92-c988df53c22c</ProjectId>
      <CorrelationId>Intent.Application.MediatR.QueryModels#6d8e8151-9939-4510-8b57-2d8273ce8328</CorrelationId>
      <OverwriteBehaviour>always</OverwriteBehaviour>
      <ApplicationRelativeFilePath>../../BRUNO-API/BRUNO-API.Application/Rentals/GetRentalById/GetRentalByIdQuery.cs</ApplicationRelativeFilePath>
      <ProjectRelativeFilePath>Rentals/GetRentalById/GetRentalByIdQuery.cs</ProjectRelativeFilePath>
      <IsIgnored>false</IsIgnored>
    </FileLog>
    <FileLog>
      <ProjectId>d045a8e2-4210-470e-bb92-c988df53c22c</ProjectId>
      <CorrelationId>Intent.Application.MediatR.QueryHandler#6d8e8151-9939-4510-8b57-2d8273ce8328</CorrelationId>
      <OverwriteBehaviour>always</OverwriteBehaviour>
      <ApplicationRelativeFilePath>../../BRUNO-API/BRUNO-API.Application/Rentals/GetRentalById/GetRentalByIdQueryHandler.cs</ApplicationRelativeFilePath>
      <ProjectRelativeFilePath>Rentals/GetRentalById/GetRentalByIdQueryHandler.cs</ProjectRelativeFilePath>
      <IsIgnored>false</IsIgnored>
    </FileLog>
    <FileLog>
      <ProjectId>d045a8e2-4210-470e-bb92-c988df53c22c</ProjectId>
      <CorrelationId>Intent.Application.MediatR.FluentValidation.QueryValidator#6d8e8151-9939-4510-8b57-2d8273ce8328</CorrelationId>
      <OverwriteBehaviour>always</OverwriteBehaviour>
      <ApplicationRelativeFilePath>../../BRUNO-API/BRUNO-API.Application/Rentals/GetRentalById/GetRentalByIdQueryValidator.cs</ApplicationRelativeFilePath>
      <ProjectRelativeFilePath>Rentals/GetRentalById/GetRentalByIdQueryValidator.cs</ProjectRelativeFilePath>
      <IsIgnored>false</IsIgnored>
    </FileLog>
    <FileLog>
      <ProjectId>d045a8e2-4210-470e-bb92-c988df53c22c</ProjectId>
      <CorrelationId>Intent.Application.MediatR.QueryModels#23ad3d81-f5f2-4b4b-a8eb-a2afa5b92f1f</CorrelationId>
      <OverwriteBehaviour>always</OverwriteBehaviour>
      <ApplicationRelativeFilePath>../../BRUNO-API/BRUNO-API.Application/Rentals/GetRentals/GetRentalsQuery.cs</ApplicationRelativeFilePath>
      <ProjectRelativeFilePath>Rentals/GetRentals/GetRentalsQuery.cs</ProjectRelativeFilePath>
      <IsIgnored>false</IsIgnored>
    </FileLog>
    <FileLog>
      <ProjectId>d045a8e2-4210-470e-bb92-c988df53c22c</ProjectId>
      <CorrelationId>Intent.Application.MediatR.QueryHandler#23ad3d81-f5f2-4b4b-a8eb-a2afa5b92f1f</CorrelationId>
      <OverwriteBehaviour>always</OverwriteBehaviour>
      <ApplicationRelativeFilePath>../../BRUNO-API/BRUNO-API.Application/Rentals/GetRentals/GetRentalsQueryHandler.cs</ApplicationRelativeFilePath>
      <ProjectRelativeFilePath>Rentals/GetRentals/GetRentalsQueryHandler.cs</ProjectRelativeFilePath>
      <IsIgnored>false</IsIgnored>
    </FileLog>
    <FileLog>
      <ProjectId>d045a8e2-4210-470e-bb92-c988df53c22c</ProjectId>
      <CorrelationId>Intent.Application.MediatR.FluentValidation.QueryValidator#23ad3d81-f5f2-4b4b-a8eb-a2afa5b92f1f</CorrelationId>
      <OverwriteBehaviour>always</OverwriteBehaviour>
      <ApplicationRelativeFilePath>../../BRUNO-API/BRUNO-API.Application/Rentals/GetRentals/GetRentalsQueryValidator.cs</ApplicationRelativeFilePath>
      <ProjectRelativeFilePath>Rentals/GetRentals/GetRentalsQueryValidator.cs</ProjectRelativeFilePath>
      <IsIgnored>false</IsIgnored>
    </FileLog>
    <FileLog>
      <ProjectId>d045a8e2-4210-470e-bb92-c988df53c22c</ProjectId>
      <CorrelationId>Intent.Application.Dtos.DtoModel#9342b5b2-4895-43e1-ac8b-78746e3d121e</CorrelationId>
      <OverwriteBehaviour>always</OverwriteBehaviour>
      <ApplicationRelativeFilePath>../../BRUNO-API/BRUNO-API.Application/Rentals/RentalDto.cs</ApplicationRelativeFilePath>
      <ProjectRelativeFilePath>Rentals/RentalDto.cs</ProjectRelativeFilePath>
      <IsIgnored>false</IsIgnored>
    </FileLog>
    <FileLog>
      <ProjectId>d045a8e2-4210-470e-bb92-c988df53c22c</ProjectId>
      <CorrelationId>Intent.Application.Dtos.AutoMapper.MappingExtensions#9342b5b2-4895-43e1-ac8b-78746e3d121e</CorrelationId>
      <OverwriteBehaviour>always</OverwriteBehaviour>
      <ApplicationRelativeFilePath>../../BRUNO-API/BRUNO-API.Application/Rentals/RentalDtoMappingExtensions.cs</ApplicationRelativeFilePath>
      <ProjectRelativeFilePath>Rentals/RentalDtoMappingExtensions.cs</ProjectRelativeFilePath>
      <IsIgnored>false</IsIgnored>
    </FileLog>
    <FileLog>
      <ProjectId>d045a8e2-4210-470e-bb92-c988df53c22c</ProjectId>
      <CorrelationId>Intent.Application.MediatR.CommandModels#f869b876-cc05-4850-ae85-79ab1d64e407</CorrelationId>
      <OverwriteBehaviour>always</OverwriteBehaviour>
      <ApplicationRelativeFilePath>../../BRUNO-API/BRUNO-API.Application/Rentals/UpdateRental/UpdateRentalCommand.cs</ApplicationRelativeFilePath>
      <ProjectRelativeFilePath>Rentals/UpdateRental/UpdateRentalCommand.cs</ProjectRelativeFilePath>
      <IsIgnored>false</IsIgnored>
    </FileLog>
    <FileLog>
      <ProjectId>d045a8e2-4210-470e-bb92-c988df53c22c</ProjectId>
      <CorrelationId>Intent.Application.MediatR.CommandHandler#f869b876-cc05-4850-ae85-79ab1d64e407</CorrelationId>
      <OverwriteBehaviour>always</OverwriteBehaviour>
      <ApplicationRelativeFilePath>../../BRUNO-API/BRUNO-API.Application/Rentals/UpdateRental/UpdateRentalCommandHandler.cs</ApplicationRelativeFilePath>
      <ProjectRelativeFilePath>Rentals/UpdateRental/UpdateRentalCommandHandler.cs</ProjectRelativeFilePath>
      <IsIgnored>false</IsIgnored>
    </FileLog>
    <FileLog>
      <ProjectId>d045a8e2-4210-470e-bb92-c988df53c22c</ProjectId>
      <CorrelationId>Intent.Application.MediatR.FluentValidation.CommandValidator#f869b876-cc05-4850-ae85-79ab1d64e407</CorrelationId>
      <OverwriteBehaviour>always</OverwriteBehaviour>
      <ApplicationRelativeFilePath>../../BRUNO-API/BRUNO-API.Application/Rentals/UpdateRental/UpdateRentalCommandValidator.cs</ApplicationRelativeFilePath>
      <ProjectRelativeFilePath>Rentals/UpdateRental/UpdateRentalCommandValidator.cs</ProjectRelativeFilePath>
      <IsIgnored>false</IsIgnored>
    </FileLog>
    <FileLog>
      <ProjectId>d045a8e2-4210-470e-bb92-c988df53c22c</ProjectId>
      <CorrelationId>Intent.Application.Dtos.DtoModel#f3167e29-00c6-41f9-9e66-b9f987ea6c3b</CorrelationId>
      <OverwriteBehaviour>always</OverwriteBehaviour>
      <ApplicationRelativeFilePath>../../BRUNO-API/BRUNO-API.Application/ServiceHistories/CarDto.cs</ApplicationRelativeFilePath>
      <ProjectRelativeFilePath>ServiceHistories/CarDto.cs</ProjectRelativeFilePath>
      <IsIgnored>false</IsIgnored>
    </FileLog>
    <FileLog>
      <ProjectId>d045a8e2-4210-470e-bb92-c988df53c22c</ProjectId>
      <CorrelationId>Intent.Application.Dtos.AutoMapper.MappingExtensions#f3167e29-00c6-41f9-9e66-b9f987ea6c3b</CorrelationId>
      <OverwriteBehaviour>always</OverwriteBehaviour>
      <ApplicationRelativeFilePath>../../BRUNO-API/BRUNO-API.Application/ServiceHistories/CarDtoMappingExtensions.cs</ApplicationRelativeFilePath>
      <ProjectRelativeFilePath>ServiceHistories/CarDtoMappingExtensions.cs</ProjectRelativeFilePath>
      <IsIgnored>false</IsIgnored>
    </FileLog>
    <FileLog>
      <ProjectId>d045a8e2-4210-470e-bb92-c988df53c22c</ProjectId>
      <CorrelationId>Intent.Application.FluentValidation.Dtos.DTOValidator#f3167e29-00c6-41f9-9e66-b9f987ea6c3b</CorrelationId>
      <OverwriteBehaviour>always</OverwriteBehaviour>
      <ApplicationRelativeFilePath>../../BRUNO-API/BRUNO-API.Application/ServiceHistories/CarDtoValidator.cs</ApplicationRelativeFilePath>
      <ProjectRelativeFilePath>ServiceHistories/CarDtoValidator.cs</ProjectRelativeFilePath>
      <IsIgnored>false</IsIgnored>
    </FileLog>
    <FileLog>
      <ProjectId>d045a8e2-4210-470e-bb92-c988df53c22c</ProjectId>
      <CorrelationId>Intent.Application.MediatR.CommandModels#5cfb2d0c-e311-4c68-a653-d921b7dc42d2</CorrelationId>
      <OverwriteBehaviour>always</OverwriteBehaviour>
      <ApplicationRelativeFilePath>../../BRUNO-API/BRUNO-API.Application/ServiceHistories/CreateServiceHistory/CreateServiceHistoryCommand.cs</ApplicationRelativeFilePath>
      <ProjectRelativeFilePath>ServiceHistories/CreateServiceHistory/CreateServiceHistoryCommand.cs</ProjectRelativeFilePath>
      <IsIgnored>false</IsIgnored>
    </FileLog>
    <FileLog>
      <ProjectId>d045a8e2-4210-470e-bb92-c988df53c22c</ProjectId>
      <CorrelationId>Intent.Application.MediatR.CommandHandler#5cfb2d0c-e311-4c68-a653-d921b7dc42d2</CorrelationId>
      <OverwriteBehaviour>always</OverwriteBehaviour>
      <ApplicationRelativeFilePath>../../BRUNO-API/BRUNO-API.Application/ServiceHistories/CreateServiceHistory/CreateServiceHistoryCommandHandler.cs</ApplicationRelativeFilePath>
      <ProjectRelativeFilePath>ServiceHistories/CreateServiceHistory/CreateServiceHistoryCommandHandler.cs</ProjectRelativeFilePath>
      <IsIgnored>false</IsIgnored>
    </FileLog>
    <FileLog>
      <ProjectId>d045a8e2-4210-470e-bb92-c988df53c22c</ProjectId>
      <CorrelationId>Intent.Application.MediatR.FluentValidation.CommandValidator#5cfb2d0c-e311-4c68-a653-d921b7dc42d2</CorrelationId>
      <OverwriteBehaviour>always</OverwriteBehaviour>
      <ApplicationRelativeFilePath>../../BRUNO-API/BRUNO-API.Application/ServiceHistories/CreateServiceHistory/CreateServiceHistoryCommandValidator.cs</ApplicationRelativeFilePath>
      <ProjectRelativeFilePath>ServiceHistories/CreateServiceHistory/CreateServiceHistoryCommandValidator.cs</ProjectRelativeFilePath>
      <IsIgnored>false</IsIgnored>
    </FileLog>
    <FileLog>
      <ProjectId>d045a8e2-4210-470e-bb92-c988df53c22c</ProjectId>
      <CorrelationId>Intent.Application.MediatR.CommandModels#ac6f64f0-21d1-498f-a25a-310fd0f6ac18</CorrelationId>
      <OverwriteBehaviour>always</OverwriteBehaviour>
      <ApplicationRelativeFilePath>../../BRUNO-API/BRUNO-API.Application/ServiceHistories/DeleteServiceHistory/DeleteServiceHistoryCommand.cs</ApplicationRelativeFilePath>
      <ProjectRelativeFilePath>ServiceHistories/DeleteServiceHistory/DeleteServiceHistoryCommand.cs</ProjectRelativeFilePath>
      <IsIgnored>false</IsIgnored>
    </FileLog>
    <FileLog>
      <ProjectId>d045a8e2-4210-470e-bb92-c988df53c22c</ProjectId>
      <CorrelationId>Intent.Application.MediatR.CommandHandler#ac6f64f0-21d1-498f-a25a-310fd0f6ac18</CorrelationId>
      <OverwriteBehaviour>always</OverwriteBehaviour>
      <ApplicationRelativeFilePath>../../BRUNO-API/BRUNO-API.Application/ServiceHistories/DeleteServiceHistory/DeleteServiceHistoryCommandHandler.cs</ApplicationRelativeFilePath>
      <ProjectRelativeFilePath>ServiceHistories/DeleteServiceHistory/DeleteServiceHistoryCommandHandler.cs</ProjectRelativeFilePath>
      <IsIgnored>false</IsIgnored>
    </FileLog>
    <FileLog>
      <ProjectId>d045a8e2-4210-470e-bb92-c988df53c22c</ProjectId>
      <CorrelationId>Intent.Application.MediatR.FluentValidation.CommandValidator#ac6f64f0-21d1-498f-a25a-310fd0f6ac18</CorrelationId>
      <OverwriteBehaviour>always</OverwriteBehaviour>
      <ApplicationRelativeFilePath>../../BRUNO-API/BRUNO-API.Application/ServiceHistories/DeleteServiceHistory/DeleteServiceHistoryCommandValidator.cs</ApplicationRelativeFilePath>
      <ProjectRelativeFilePath>ServiceHistories/DeleteServiceHistory/DeleteServiceHistoryCommandValidator.cs</ProjectRelativeFilePath>
      <IsIgnored>false</IsIgnored>
    </FileLog>
    <FileLog>
      <ProjectId>d045a8e2-4210-470e-bb92-c988df53c22c</ProjectId>
      <CorrelationId>Intent.Application.MediatR.QueryModels#4eb1cff3-ff98-44e3-91cc-68e040176660</CorrelationId>
      <OverwriteBehaviour>always</OverwriteBehaviour>
      <ApplicationRelativeFilePath>../../BRUNO-API/BRUNO-API.Application/ServiceHistories/GetServiceHistories/GetServiceHistoriesQuery.cs</ApplicationRelativeFilePath>
      <ProjectRelativeFilePath>ServiceHistories/GetServiceHistories/GetServiceHistoriesQuery.cs</ProjectRelativeFilePath>
      <IsIgnored>false</IsIgnored>
    </FileLog>
    <FileLog>
      <ProjectId>d045a8e2-4210-470e-bb92-c988df53c22c</ProjectId>
      <CorrelationId>Intent.Application.MediatR.QueryHandler#4eb1cff3-ff98-44e3-91cc-68e040176660</CorrelationId>
      <OverwriteBehaviour>always</OverwriteBehaviour>
      <ApplicationRelativeFilePath>../../BRUNO-API/BRUNO-API.Application/ServiceHistories/GetServiceHistories/GetServiceHistoriesQueryHandler.cs</ApplicationRelativeFilePath>
      <ProjectRelativeFilePath>ServiceHistories/GetServiceHistories/GetServiceHistoriesQueryHandler.cs</ProjectRelativeFilePath>
      <IsIgnored>false</IsIgnored>
    </FileLog>
    <FileLog>
      <ProjectId>d045a8e2-4210-470e-bb92-c988df53c22c</ProjectId>
      <CorrelationId>Intent.Application.MediatR.FluentValidation.QueryValidator#4eb1cff3-ff98-44e3-91cc-68e040176660</CorrelationId>
      <OverwriteBehaviour>always</OverwriteBehaviour>
      <ApplicationRelativeFilePath>../../BRUNO-API/BRUNO-API.Application/ServiceHistories/GetServiceHistories/GetServiceHistoriesQueryValidator.cs</ApplicationRelativeFilePath>
      <ProjectRelativeFilePath>ServiceHistories/GetServiceHistories/GetServiceHistoriesQueryValidator.cs</ProjectRelativeFilePath>
      <IsIgnored>false</IsIgnored>
    </FileLog>
    <FileLog>
      <ProjectId>d045a8e2-4210-470e-bb92-c988df53c22c</ProjectId>
      <CorrelationId>Intent.Application.MediatR.QueryModels#a9256112-00d2-46f5-b105-ff004a870e1a</CorrelationId>
      <OverwriteBehaviour>always</OverwriteBehaviour>
      <ApplicationRelativeFilePath>../../BRUNO-API/BRUNO-API.Application/ServiceHistories/GetServiceHistoryById/GetServiceHistoryByIdQuery.cs</ApplicationRelativeFilePath>
      <ProjectRelativeFilePath>ServiceHistories/GetServiceHistoryById/GetServiceHistoryByIdQuery.cs</ProjectRelativeFilePath>
      <IsIgnored>false</IsIgnored>
    </FileLog>
    <FileLog>
      <ProjectId>d045a8e2-4210-470e-bb92-c988df53c22c</ProjectId>
      <CorrelationId>Intent.Application.MediatR.QueryHandler#a9256112-00d2-46f5-b105-ff004a870e1a</CorrelationId>
      <OverwriteBehaviour>always</OverwriteBehaviour>
      <ApplicationRelativeFilePath>../../BRUNO-API/BRUNO-API.Application/ServiceHistories/GetServiceHistoryById/GetServiceHistoryByIdQueryHandler.cs</ApplicationRelativeFilePath>
      <ProjectRelativeFilePath>ServiceHistories/GetServiceHistoryById/GetServiceHistoryByIdQueryHandler.cs</ProjectRelativeFilePath>
      <IsIgnored>false</IsIgnored>
    </FileLog>
    <FileLog>
      <ProjectId>d045a8e2-4210-470e-bb92-c988df53c22c</ProjectId>
      <CorrelationId>Intent.Application.MediatR.FluentValidation.QueryValidator#a9256112-00d2-46f5-b105-ff004a870e1a</CorrelationId>
      <OverwriteBehaviour>always</OverwriteBehaviour>
      <ApplicationRelativeFilePath>../../BRUNO-API/BRUNO-API.Application/ServiceHistories/GetServiceHistoryById/GetServiceHistoryByIdQueryValidator.cs</ApplicationRelativeFilePath>
      <ProjectRelativeFilePath>ServiceHistories/GetServiceHistoryById/GetServiceHistoryByIdQueryValidator.cs</ProjectRelativeFilePath>
      <IsIgnored>false</IsIgnored>
    </FileLog>
    <FileLog>
      <ProjectId>d045a8e2-4210-470e-bb92-c988df53c22c</ProjectId>
      <CorrelationId>Intent.Application.Dtos.DtoModel#9a62a2cc-e137-46b5-97ed-1cf2f1558adf</CorrelationId>
      <OverwriteBehaviour>always</OverwriteBehaviour>
      <ApplicationRelativeFilePath>../../BRUNO-API/BRUNO-API.Application/ServiceHistories/ServiceHistoryDto.cs</ApplicationRelativeFilePath>
      <ProjectRelativeFilePath>ServiceHistories/ServiceHistoryDto.cs</ProjectRelativeFilePath>
      <IsIgnored>false</IsIgnored>
    </FileLog>
    <FileLog>
      <ProjectId>d045a8e2-4210-470e-bb92-c988df53c22c</ProjectId>
      <CorrelationId>Intent.Application.Dtos.AutoMapper.MappingExtensions#9a62a2cc-e137-46b5-97ed-1cf2f1558adf</CorrelationId>
      <OverwriteBehaviour>always</OverwriteBehaviour>
      <ApplicationRelativeFilePath>../../BRUNO-API/BRUNO-API.Application/ServiceHistories/ServiceHistoryDtoMappingExtensions.cs</ApplicationRelativeFilePath>
      <ProjectRelativeFilePath>ServiceHistories/ServiceHistoryDtoMappingExtensions.cs</ProjectRelativeFilePath>
      <IsIgnored>false</IsIgnored>
    </FileLog>
    <FileLog>
      <ProjectId>d045a8e2-4210-470e-bb92-c988df53c22c</ProjectId>
      <CorrelationId>Intent.Application.MediatR.CommandModels#fb98a67b-d72d-4857-abd6-e0b399ca6075</CorrelationId>
      <OverwriteBehaviour>always</OverwriteBehaviour>
      <ApplicationRelativeFilePath>../../BRUNO-API/BRUNO-API.Application/ServiceHistories/UpdateServiceHistory/UpdateServiceHistoryCommand.cs</ApplicationRelativeFilePath>
      <ProjectRelativeFilePath>ServiceHistories/UpdateServiceHistory/UpdateServiceHistoryCommand.cs</ProjectRelativeFilePath>
      <IsIgnored>false</IsIgnored>
    </FileLog>
    <FileLog>
      <ProjectId>d045a8e2-4210-470e-bb92-c988df53c22c</ProjectId>
      <CorrelationId>Intent.Application.MediatR.CommandHandler#fb98a67b-d72d-4857-abd6-e0b399ca6075</CorrelationId>
      <OverwriteBehaviour>always</OverwriteBehaviour>
      <ApplicationRelativeFilePath>../../BRUNO-API/BRUNO-API.Application/ServiceHistories/UpdateServiceHistory/UpdateServiceHistoryCommandHandler.cs</ApplicationRelativeFilePath>
      <ProjectRelativeFilePath>ServiceHistories/UpdateServiceHistory/UpdateServiceHistoryCommandHandler.cs</ProjectRelativeFilePath>
      <IsIgnored>false</IsIgnored>
    </FileLog>
    <FileLog>
      <ProjectId>d045a8e2-4210-470e-bb92-c988df53c22c</ProjectId>
      <CorrelationId>Intent.Application.MediatR.FluentValidation.CommandValidator#fb98a67b-d72d-4857-abd6-e0b399ca6075</CorrelationId>
      <OverwriteBehaviour>always</OverwriteBehaviour>
      <ApplicationRelativeFilePath>../../BRUNO-API/BRUNO-API.Application/ServiceHistories/UpdateServiceHistory/UpdateServiceHistoryCommandValidator.cs</ApplicationRelativeFilePath>
      <ProjectRelativeFilePath>ServiceHistories/UpdateServiceHistory/UpdateServiceHistoryCommandValidator.cs</ProjectRelativeFilePath>
      <IsIgnored>false</IsIgnored>
    </FileLog>
    <FileLog>
      <ProjectId>f2c5cb67-604c-4d68-9e9f-a5be52720d31</ProjectId>
      <CorrelationId>Intent.VisualStudio.Projects.CSharpProject#f2c5cb67-604c-4d68-9e9f-a5be52720d31</CorrelationId>
      <OverwriteBehaviour>always</OverwriteBehaviour>
      <ApplicationRelativeFilePath>../../BRUNO-API/BRUNO-API.Domain/BRUNO-API.Domain.csproj</ApplicationRelativeFilePath>
      <ProjectRelativeFilePath>BRUNO-API.Domain.csproj</ProjectRelativeFilePath>
      <IsIgnored>false</IsIgnored>
    </FileLog>
    <FileLog>
      <ProjectId>8922e7b7-44fd-4eab-8852-34da4a9207e8</ProjectId>
      <CorrelationId>Intent.Entities.CollectionExtensions</CorrelationId>
      <OverwriteBehaviour>always</OverwriteBehaviour>
      <ApplicationRelativeFilePath>../../BRUNO-API/BRUNO-API.Domain/Common/CollectionExtensions.cs</ApplicationRelativeFilePath>
      <ProjectRelativeFilePath>CollectionExtensions.cs</ProjectRelativeFilePath>
      <IsIgnored>false</IsIgnored>
    </FileLog>
    <FileLog>
      <ProjectId>8922e7b7-44fd-4eab-8852-34da4a9207e8</ProjectId>
      <CorrelationId>Intent.DomainEvents.DomainEventBase</CorrelationId>
      <OverwriteBehaviour>always</OverwriteBehaviour>
      <ApplicationRelativeFilePath>../../BRUNO-API/BRUNO-API.Domain/Common/DomainEvent.cs</ApplicationRelativeFilePath>
      <ProjectRelativeFilePath>DomainEvent.cs</ProjectRelativeFilePath>
      <IsIgnored>false</IsIgnored>
    </FileLog>
    <FileLog>
      <ProjectId>e017691d-bcb6-4c61-a97c-d27f8a40f863</ProjectId>
      <CorrelationId>Intent.Entities.NotFoundException</CorrelationId>
      <OverwriteBehaviour>always</OverwriteBehaviour>
      <ApplicationRelativeFilePath>../../BRUNO-API/BRUNO-API.Domain/Common/Exceptions/NotFoundException.cs</ApplicationRelativeFilePath>
      <ProjectRelativeFilePath>NotFoundException.cs</ProjectRelativeFilePath>
      <IsIgnored>false</IsIgnored>
    </FileLog>
    <FileLog>
      <ProjectId>8922e7b7-44fd-4eab-8852-34da4a9207e8</ProjectId>
      <CorrelationId>Intent.DomainEvents.HasDomainEventInterface</CorrelationId>
      <OverwriteBehaviour>always</OverwriteBehaviour>
      <ApplicationRelativeFilePath>../../BRUNO-API/BRUNO-API.Domain/Common/IHasDomainEvent.cs</ApplicationRelativeFilePath>
      <ProjectRelativeFilePath>IHasDomainEvent.cs</ProjectRelativeFilePath>
      <IsIgnored>false</IsIgnored>
    </FileLog>
    <FileLog>
      <ProjectId>3a1052c6-ba39-4fce-bde8-86f424862835</ProjectId>
      <CorrelationId>Intent.Entities.Repositories.Api.UnitOfWorkInterface</CorrelationId>
      <OverwriteBehaviour>always</OverwriteBehaviour>
      <ApplicationRelativeFilePath>../../BRUNO-API/BRUNO-API.Domain/Common/Interfaces/IUnitOfWork.cs</ApplicationRelativeFilePath>
      <ProjectRelativeFilePath>IUnitOfWork.cs</ProjectRelativeFilePath>
      <IsIgnored>false</IsIgnored>
    </FileLog>
    <FileLog>
      <ProjectId>8922e7b7-44fd-4eab-8852-34da4a9207e8</ProjectId>
      <CorrelationId>Intent.Entities.UpdateHelper</CorrelationId>
      <OverwriteBehaviour>always</OverwriteBehaviour>
      <ApplicationRelativeFilePath>../../BRUNO-API/BRUNO-API.Domain/Common/UpdateHelper.cs</ApplicationRelativeFilePath>
      <ProjectRelativeFilePath>UpdateHelper.cs</ProjectRelativeFilePath>
      <IsIgnored>false</IsIgnored>
    </FileLog>
    <FileLog>
      <ProjectId>59ec726c-015e-4214-add2-660c0feda92c</ProjectId>
      <CorrelationId>Intent.Entities.DomainEntity#95b972f9-6c86-4229-b4f7-0fa87d9a8d2a</CorrelationId>
      <OverwriteBehaviour>always</OverwriteBehaviour>
      <ApplicationRelativeFilePath>../../BRUNO-API/BRUNO-API.Domain/Entities/Car.cs</ApplicationRelativeFilePath>
      <ProjectRelativeFilePath>Car.cs</ProjectRelativeFilePath>
      <IsIgnored>false</IsIgnored>
    </FileLog>
    <FileLog>
      <ProjectId>59ec726c-015e-4214-add2-660c0feda92c</ProjectId>
      <CorrelationId>Intent.Entities.DomainEntity#f85b3f09-0f65-4a66-adfb-3f5d7dc01006</CorrelationId>
      <OverwriteBehaviour>always</OverwriteBehaviour>
      <ApplicationRelativeFilePath>../../BRUNO-API/BRUNO-API.Domain/Entities/Client.cs</ApplicationRelativeFilePath>
      <ProjectRelativeFilePath>Client.cs</ProjectRelativeFilePath>
      <IsIgnored>false</IsIgnored>
    </FileLog>
    <FileLog>
      <ProjectId>59ec726c-015e-4214-add2-660c0feda92c</ProjectId>
      <CorrelationId>Intent.Entities.DomainEntity#442b9ee9-b304-4fe7-b594-7c17b3336ff5</CorrelationId>
      <OverwriteBehaviour>always</OverwriteBehaviour>
      <ApplicationRelativeFilePath>../../BRUNO-API/BRUNO-API.Domain/Entities/Rental.cs</ApplicationRelativeFilePath>
      <ProjectRelativeFilePath>Rental.cs</ProjectRelativeFilePath>
      <IsIgnored>false</IsIgnored>
    </FileLog>
    <FileLog>
      <ProjectId>59ec726c-015e-4214-add2-660c0feda92c</ProjectId>
      <CorrelationId>Intent.Entities.DomainEntity#7d7108a1-cb0f-4353-bcf0-594887b022fc</CorrelationId>
      <OverwriteBehaviour>always</OverwriteBehaviour>
      <ApplicationRelativeFilePath>../../BRUNO-API/BRUNO-API.Domain/Entities/ServiceHistory.cs</ApplicationRelativeFilePath>
      <ProjectRelativeFilePath>ServiceHistory.cs</ProjectRelativeFilePath>
      <IsIgnored>false</IsIgnored>
    </FileLog>
    <FileLog>
      <ProjectId>119e306a-3ab8-48d0-bbbf-cda5521da388</ProjectId>
      <CorrelationId>Intent.Entities.Repositories.Api.EntityRepositoryInterface#95b972f9-6c86-4229-b4f7-0fa87d9a8d2a</CorrelationId>
      <OverwriteBehaviour>always</OverwriteBehaviour>
      <ApplicationRelativeFilePath>../../BRUNO-API/BRUNO-API.Domain/Repositories/ICarRepository.cs</ApplicationRelativeFilePath>
      <ProjectRelativeFilePath>ICarRepository.cs</ProjectRelativeFilePath>
      <IsIgnored>false</IsIgnored>
    </FileLog>
    <FileLog>
      <ProjectId>119e306a-3ab8-48d0-bbbf-cda5521da388</ProjectId>
      <CorrelationId>Intent.Entities.Repositories.Api.EntityRepositoryInterface#f85b3f09-0f65-4a66-adfb-3f5d7dc01006</CorrelationId>
      <OverwriteBehaviour>always</OverwriteBehaviour>
      <ApplicationRelativeFilePath>../../BRUNO-API/BRUNO-API.Domain/Repositories/IClientRepository.cs</ApplicationRelativeFilePath>
      <ProjectRelativeFilePath>IClientRepository.cs</ProjectRelativeFilePath>
      <IsIgnored>false</IsIgnored>
    </FileLog>
    <FileLog>
      <ProjectId>119e306a-3ab8-48d0-bbbf-cda5521da388</ProjectId>
      <CorrelationId>Intent.EntityFrameworkCore.Repositories.EFRepositoryInterface</CorrelationId>
      <OverwriteBehaviour>always</OverwriteBehaviour>
      <ApplicationRelativeFilePath>../../BRUNO-API/BRUNO-API.Domain/Repositories/IEFRepository.cs</ApplicationRelativeFilePath>
      <ProjectRelativeFilePath>IEFRepository.cs</ProjectRelativeFilePath>
      <IsIgnored>false</IsIgnored>
    </FileLog>
    <FileLog>
      <ProjectId>119e306a-3ab8-48d0-bbbf-cda5521da388</ProjectId>
      <CorrelationId>Intent.Entities.Repositories.Api.PagedListInterface</CorrelationId>
      <OverwriteBehaviour>always</OverwriteBehaviour>
      <ApplicationRelativeFilePath>../../BRUNO-API/BRUNO-API.Domain/Repositories/IPagedList.cs</ApplicationRelativeFilePath>
      <ProjectRelativeFilePath>IPagedList.cs</ProjectRelativeFilePath>
      <IsIgnored>false</IsIgnored>
    </FileLog>
    <FileLog>
      <ProjectId>119e306a-3ab8-48d0-bbbf-cda5521da388</ProjectId>
      <CorrelationId>Intent.Entities.Repositories.Api.EntityRepositoryInterface#442b9ee9-b304-4fe7-b594-7c17b3336ff5</CorrelationId>
      <OverwriteBehaviour>always</OverwriteBehaviour>
      <ApplicationRelativeFilePath>../../BRUNO-API/BRUNO-API.Domain/Repositories/IRentalRepository.cs</ApplicationRelativeFilePath>
      <ProjectRelativeFilePath>IRentalRepository.cs</ProjectRelativeFilePath>
      <IsIgnored>false</IsIgnored>
    </FileLog>
    <FileLog>
      <ProjectId>119e306a-3ab8-48d0-bbbf-cda5521da388</ProjectId>
      <CorrelationId>Intent.Entities.Repositories.Api.RepositoryInterface</CorrelationId>
      <OverwriteBehaviour>always</OverwriteBehaviour>
      <ApplicationRelativeFilePath>../../BRUNO-API/BRUNO-API.Domain/Repositories/IRepository.cs</ApplicationRelativeFilePath>
      <ProjectRelativeFilePath>IRepository.cs</ProjectRelativeFilePath>
      <IsIgnored>false</IsIgnored>
    </FileLog>
    <FileLog>
      <ProjectId>119e306a-3ab8-48d0-bbbf-cda5521da388</ProjectId>
      <CorrelationId>Intent.Entities.Repositories.Api.EntityRepositoryInterface#7d7108a1-cb0f-4353-bcf0-594887b022fc</CorrelationId>
      <OverwriteBehaviour>always</OverwriteBehaviour>
      <ApplicationRelativeFilePath>../../BRUNO-API/BRUNO-API.Domain/Repositories/IServiceHistoryRepository.cs</ApplicationRelativeFilePath>
      <ProjectRelativeFilePath>IServiceHistoryRepository.cs</ProjectRelativeFilePath>
      <IsIgnored>false</IsIgnored>
    </FileLog>
    <FileLog>
      <ProjectId>8d03fe1f-c1d1-4d42-8b31-5d53645306ac</ProjectId>
      <CorrelationId>Intent.VisualStudio.Projects.CSharpProject#8d03fe1f-c1d1-4d42-8b31-5d53645306ac</CorrelationId>
      <OverwriteBehaviour>always</OverwriteBehaviour>
      <ApplicationRelativeFilePath>../../BRUNO-API/BRUNO-API.Infrastructure/BRUNO-API.Infrastructure.csproj</ApplicationRelativeFilePath>
      <ProjectRelativeFilePath>BRUNO-API.Infrastructure.csproj</ProjectRelativeFilePath>
      <IsIgnored>false</IsIgnored>
    </FileLog>
    <FileLog>
      <ProjectId>ab046c7e-1851-46bb-9bd7-d48f9c04c32f</ProjectId>
      <CorrelationId>Intent.Eventing.MassTransit.MassTransitConfiguration</CorrelationId>
      <OverwriteBehaviour>always</OverwriteBehaviour>
      <ApplicationRelativeFilePath>../../BRUNO-API/BRUNO-API.Infrastructure/Configuration/MassTransitConfiguration.cs</ApplicationRelativeFilePath>
      <ProjectRelativeFilePath>MassTransitConfiguration.cs</ProjectRelativeFilePath>
      <IsIgnored>false</IsIgnored>
    </FileLog>
    <FileLog>
      <ProjectId>8d03fe1f-c1d1-4d42-8b31-5d53645306ac</ProjectId>
      <CorrelationId>Intent.Infrastructure.DependencyInjection.DependencyInjection</CorrelationId>
      <OverwriteBehaviour>always</OverwriteBehaviour>
      <ApplicationRelativeFilePath>../../BRUNO-API/BRUNO-API.Infrastructure/DependencyInjection.cs</ApplicationRelativeFilePath>
      <ProjectRelativeFilePath>DependencyInjection.cs</ProjectRelativeFilePath>
      <IsIgnored>false</IsIgnored>
    </FileLog>
    <FileLog>
      <ProjectId>8e30619b-c9bc-45e9-ac2b-c4a22812e8fc</ProjectId>
      <CorrelationId>Intent.Eventing.MassTransit.MassTransitEventBus</CorrelationId>
      <OverwriteBehaviour>always</OverwriteBehaviour>
      <ApplicationRelativeFilePath>../../BRUNO-API/BRUNO-API.Infrastructure/Eventing/MassTransitEventBus.cs</ApplicationRelativeFilePath>
      <ProjectRelativeFilePath>MassTransitEventBus.cs</ProjectRelativeFilePath>
      <IsIgnored>false</IsIgnored>
    </FileLog>
    <FileLog>
      <ProjectId>8e30619b-c9bc-45e9-ac2b-c4a22812e8fc</ProjectId>
      <CorrelationId>Intent.Eventing.MassTransit.WrapperConsumer</CorrelationId>
      <OverwriteBehaviour>always</OverwriteBehaviour>
      <ApplicationRelativeFilePath>../../BRUNO-API/BRUNO-API.Infrastructure/Eventing/WrapperConsumer.cs</ApplicationRelativeFilePath>
      <ProjectRelativeFilePath>WrapperConsumer.cs</ProjectRelativeFilePath>
      <IsIgnored>false</IsIgnored>
    </FileLog>
    <FileLog>
      <ProjectId>4ba2c6bf-a4d9-4403-b66b-11bc20d25a2f</ProjectId>
      <CorrelationId>Intent.EntityFrameworkCore.DbContext</CorrelationId>
      <OverwriteBehaviour>always</OverwriteBehaviour>
      <ApplicationRelativeFilePath>../../BRUNO-API/BRUNO-API.Infrastructure/Persistence/ApplicationDbContext.cs</ApplicationRelativeFilePath>
      <ProjectRelativeFilePath>ApplicationDbContext.cs</ProjectRelativeFilePath>
      <IsIgnored>false</IsIgnored>
    </FileLog>
    <FileLog>
      <ProjectId>b7c4687d-74ff-4173-a5b1-88439896259b</ProjectId>
      <CorrelationId>Intent.EntityFrameworkCore.EntityTypeConfiguration#95b972f9-6c86-4229-b4f7-0fa87d9a8d2a</CorrelationId>
      <OverwriteBehaviour>always</OverwriteBehaviour>
      <ApplicationRelativeFilePath>../../BRUNO-API/BRUNO-API.Infrastructure/Persistence/Configurations/CarConfiguration.cs</ApplicationRelativeFilePath>
      <ProjectRelativeFilePath>CarConfiguration.cs</ProjectRelativeFilePath>
      <IsIgnored>false</IsIgnored>
    </FileLog>
    <FileLog>
      <ProjectId>b7c4687d-74ff-4173-a5b1-88439896259b</ProjectId>
      <CorrelationId>Intent.EntityFrameworkCore.EntityTypeConfiguration#f85b3f09-0f65-4a66-adfb-3f5d7dc01006</CorrelationId>
      <OverwriteBehaviour>always</OverwriteBehaviour>
      <ApplicationRelativeFilePath>../../BRUNO-API/BRUNO-API.Infrastructure/Persistence/Configurations/ClientConfiguration.cs</ApplicationRelativeFilePath>
      <ProjectRelativeFilePath>ClientConfiguration.cs</ProjectRelativeFilePath>
      <IsIgnored>false</IsIgnored>
    </FileLog>
    <FileLog>
      <ProjectId>b7c4687d-74ff-4173-a5b1-88439896259b</ProjectId>
      <CorrelationId>Intent.EntityFrameworkCore.EntityTypeConfiguration#442b9ee9-b304-4fe7-b594-7c17b3336ff5</CorrelationId>
      <OverwriteBehaviour>always</OverwriteBehaviour>
      <ApplicationRelativeFilePath>../../BRUNO-API/BRUNO-API.Infrastructure/Persistence/Configurations/RentalConfiguration.cs</ApplicationRelativeFilePath>
      <ProjectRelativeFilePath>RentalConfiguration.cs</ProjectRelativeFilePath>
      <IsIgnored>false</IsIgnored>
    </FileLog>
    <FileLog>
      <ProjectId>b7c4687d-74ff-4173-a5b1-88439896259b</ProjectId>
      <CorrelationId>Intent.EntityFrameworkCore.EntityTypeConfiguration#7d7108a1-cb0f-4353-bcf0-594887b022fc</CorrelationId>
      <OverwriteBehaviour>always</OverwriteBehaviour>
      <ApplicationRelativeFilePath>../../BRUNO-API/BRUNO-API.Infrastructure/Persistence/Configurations/ServiceHistoryConfiguration.cs</ApplicationRelativeFilePath>
      <ProjectRelativeFilePath>ServiceHistoryConfiguration.cs</ProjectRelativeFilePath>
      <IsIgnored>false</IsIgnored>
    </FileLog>
    <FileLog>
      <ProjectId>4ba2c6bf-a4d9-4403-b66b-11bc20d25a2f</ProjectId>
      <CorrelationId>Intent.EntityFrameworkCore.DbMigrationsReadMe</CorrelationId>
      <OverwriteBehaviour>always</OverwriteBehaviour>
      <ApplicationRelativeFilePath>../../BRUNO-API/BRUNO-API.Infrastructure/Persistence/MIGRATION_README.txt</ApplicationRelativeFilePath>
      <ProjectRelativeFilePath>MIGRATION_README.txt</ProjectRelativeFilePath>
      <IsIgnored>false</IsIgnored>
    </FileLog>
    <FileLog>
      <ProjectId>265d8360-d655-4bf6-a02d-dffae559e5e3</ProjectId>
      <CorrelationId>Intent.EntityFrameworkCore.Repositories.Repository#95b972f9-6c86-4229-b4f7-0fa87d9a8d2a</CorrelationId>
      <OverwriteBehaviour>always</OverwriteBehaviour>
      <ApplicationRelativeFilePath>../../BRUNO-API/BRUNO-API.Infrastructure/Repositories/CarRepository.cs</ApplicationRelativeFilePath>
      <ProjectRelativeFilePath>CarRepository.cs</ProjectRelativeFilePath>
      <IsIgnored>false</IsIgnored>
    </FileLog>
    <FileLog>
      <ProjectId>265d8360-d655-4bf6-a02d-dffae559e5e3</ProjectId>
      <CorrelationId>Intent.EntityFrameworkCore.Repositories.Repository#f85b3f09-0f65-4a66-adfb-3f5d7dc01006</CorrelationId>
      <OverwriteBehaviour>always</OverwriteBehaviour>
      <ApplicationRelativeFilePath>../../BRUNO-API/BRUNO-API.Infrastructure/Repositories/ClientRepository.cs</ApplicationRelativeFilePath>
      <ProjectRelativeFilePath>ClientRepository.cs</ProjectRelativeFilePath>
      <IsIgnored>false</IsIgnored>
    </FileLog>
    <FileLog>
      <ProjectId>265d8360-d655-4bf6-a02d-dffae559e5e3</ProjectId>
      <CorrelationId>Intent.EntityFrameworkCore.Repositories.Repository#442b9ee9-b304-4fe7-b594-7c17b3336ff5</CorrelationId>
      <OverwriteBehaviour>always</OverwriteBehaviour>
      <ApplicationRelativeFilePath>../../BRUNO-API/BRUNO-API.Infrastructure/Repositories/RentalRepository.cs</ApplicationRelativeFilePath>
      <ProjectRelativeFilePath>RentalRepository.cs</ProjectRelativeFilePath>
      <IsIgnored>false</IsIgnored>
    </FileLog>
    <FileLog>
      <ProjectId>265d8360-d655-4bf6-a02d-dffae559e5e3</ProjectId>
      <CorrelationId>Intent.EntityFrameworkCore.Repositories.RepositoryBase</CorrelationId>
      <OverwriteBehaviour>always</OverwriteBehaviour>
      <ApplicationRelativeFilePath>../../BRUNO-API/BRUNO-API.Infrastructure/Repositories/RepositoryBase.cs</ApplicationRelativeFilePath>
      <ProjectRelativeFilePath>RepositoryBase.cs</ProjectRelativeFilePath>
      <IsIgnored>false</IsIgnored>
    </FileLog>
    <FileLog>
      <ProjectId>265d8360-d655-4bf6-a02d-dffae559e5e3</ProjectId>
      <CorrelationId>Intent.EntityFrameworkCore.Repositories.Repository#7d7108a1-cb0f-4353-bcf0-594887b022fc</CorrelationId>
      <OverwriteBehaviour>always</OverwriteBehaviour>
      <ApplicationRelativeFilePath>../../BRUNO-API/BRUNO-API.Infrastructure/Repositories/ServiceHistoryRepository.cs</ApplicationRelativeFilePath>
      <ProjectRelativeFilePath>ServiceHistoryRepository.cs</ProjectRelativeFilePath>
      <IsIgnored>false</IsIgnored>
    </FileLog>
    <FileLog>
      <ProjectId>6268e301-9720-48e6-a705-a83c04333888</ProjectId>
      <CorrelationId>Intent.MediatR.DomainEvents.DomainEventService</CorrelationId>
      <OverwriteBehaviour>always</OverwriteBehaviour>
      <ApplicationRelativeFilePath>../../BRUNO-API/BRUNO-API.Infrastructure/Services/DomainEventService.cs</ApplicationRelativeFilePath>
      <ProjectRelativeFilePath>DomainEventService.cs</ProjectRelativeFilePath>
      <IsIgnored>false</IsIgnored>
    </FileLog>
    <FileLog>
      <CorrelationId>Intent.VisualStudio.Projects.VisualStudio2015Solution#8b0a6c96-55af-4b4b-800c-9c91abacd991</CorrelationId>
      <OverwriteBehaviour>always</OverwriteBehaviour>
      <ApplicationRelativeFilePath>../../BRUNO-API/BRUNO-API.sln</ApplicationRelativeFilePath>
      <IsIgnored>false</IsIgnored>
    </FileLog>
  </FileLogs>
</outputLog>